Removed Pin From Net: NetName=+3.3v_E Pin=C2-1
Removed Pin From Net: NetName=AGND Pin=C2-2
Removed Pin From Net: NetName=AGND Pin=C3-1
Removed Pin From Net: NetName=AGND Pin=C6-1
Removed Pin From Net: NetName=AGND Pin=C7-1
Removed Pin From Net: NetName=+3.3v Pin=C8-1
Removed Pin From Net: NetName=AGND Pin=C8-2
Removed Pin From Net: NetName=+3.3v Pin=C10-2
Removed Pin From Net: NetName=AGND Pin=C13-1
Removed Pin From Net: NetName=AGND Pin=C14-1
Removed Pin From Net: NetName=AGND Pin=C17-1
Removed Pin From Net: NetName=AGND Pin=C25-1
Removed Pin From Net: NetName=AGND Pin=C26-1
Removed Pin From Net: NetName=AGND Pin=C27-1
Removed Pin From Net: NetName=+3.3v Pin=D3-1
Removed Pin From Net: NetName=+3.3v_E Pin=FL1-2
Removed Pin From Net: NetName=NetC18_2 Pin=J1-4
Removed Pin From Net: NetName=+3.3v_E Pin=J1-9
Removed Pin From Net: NetName=+3.3v_E Pin=J1-12
Removed Pin From Net: NetName=+3.3v_E Pin=R1-2
Removed Pin From Net: NetName=+3.3v_E Pin=R2-2
Removed Pin From Net: NetName=NetC18_2 Pin=R5-2
Removed Pin From Net: NetName=NetR7_1 Pin=R7-1
Removed Pin From Net: NetName=NetR9_1 Pin=R9-1
Removed Pin From Net: NetName=AGND Pin=R12-2
Removed Pin From Net: NetName=AGND Pin=R14-1
Removed Pin From Net: NetName=NetJ1_10 Pin=R20-2
Removed Pin From Net: NetName=NetJ1_11 Pin=R21-2
Removed Pin From Net: NetName=AGND Pin=U1-3
Removed Pin From Net: NetName=AGND Pin=U1-9
Removed Pin From Net: NetName=AGND Pin=U1-14
Removed Pin From Net: NetName=AGND Pin=U1-16
Removed Pin From Net: NetName=AGND Pin=U1-19
Removed Pin From Net: NetName=+3.3v_E Pin=U1-23
Removed Pin From Net: NetName=+3.3v_E Pin=U1-28
Removed Pin From Net: NetName=AGND Pin=U1-29
Removed Pin From Net: NetName=+3.3v_E Pin=U1-38
Removed Pin From Net: NetName=+3.3v_E Pin=U1-39
Removed Pin From Net: NetName=+3.3v_E Pin=U1-40
Removed Pin From Net: NetName=+3.3v_E Pin=U1-41
Removed Pin From Net: NetName=+3.3v_E Pin=U1-42
Removed Pin From Net: NetName=+3.3v_E Pin=U1-43
Removed Pin From Net: NetName=+3.3v_E Pin=U1-44
Removed Pin From Net: NetName=+3.3v_E Pin=U1-45
Removed Pin From Net: NetName=AGND Pin=U1-48
Removed Pin From Net: NetName=+3.3v Pin=U2-1
Removed Pin From Net: NetName=NetC28_2 Pin=U2-5
Removed Pin From Net: NetName=RESET Pin=U2-7
Removed Pin From Net: NetName=AGND Pin=U2-8
Removed Pin From Net: NetName=+3.3v Pin=U2-9
Removed Pin From Net: NetName=NetR7_1 Pin=U2-10
Removed Pin From Net: NetName=NetR9_1 Pin=U2-14
Removed Pin From Net: NetName=NetIC1_7 Pin=U2-21
Removed Pin From Net: NetName=NetIC1_3 Pin=U2-22
Removed Pin From Net: NetName=AGND Pin=U2-23
Removed Pin From Net: NetName=+3.3v Pin=U2-24
Removed Pin From Net: NetName=NetIC1_1 Pin=U2-25
Removed Pin From Net: NetName=NetIC1_6 Pin=U2-26
Removed Pin From Net: NetName=NetIC1_2 Pin=U2-27
Removed Pin From Net: NetName=NetIC1_5 Pin=U2-28
Removed Pin From Net: NetName=AGND Pin=U2-35
Removed Pin From Net: NetName=+3.3v Pin=U2-36
Removed Pin From Net: NetName=AGND Pin=U2-47
Removed Pin From Net: NetName=+3.3v Pin=U2-48
Removed Member From Class: ClassName=GP2Y_v3_eth Member=D3
Removed Member From Class: ClassName=GP2Y_v3_eth Member=FL1
Removed Member From Class: ClassName=GP2Y_v3_eth Member=U2
Change Component Footprint: Designator=C8 Old Footprint=CAPACITOR 0603 New Footprint=CAPCHIP0603
Change Component Footprint: Designator=C10 Old Footprint=CAPACITOR 0603 New Footprint=CAPCHIP0603
Change Component Footprint: Designator=C6 Old Footprint=CAPCHIP0603 New Footprint=CAPACITOR 0603
Change Component Footprint: Designator=C13 Old Footprint=CAPCHIP0603 New Footprint=CAPACITOR 0603
Change Component Footprint: Designator=C14 Old Footprint=CAPCHIP0603 New Footprint=CAPACITOR 0603
Change Component Footprint: Designator=C22 Old Footprint=CAPCHIP0603 New Footprint=CAPACITOR 0603
Change Component Footprint: Designator=C23 Old Footprint=CAPCHIP0603 New Footprint=CAPACITOR 0603
Change Component Footprint: Designator=C24 Old Footprint=CAPCHIP0603 New Footprint=CAPACITOR 0603
Change Component Footprint: Designator=C25 Old Footprint=CAPCHIP0603 New Footprint=CAPACITOR 0603
Change Component Footprint: Designator=C26 Old Footprint=CAPCHIP0603 New Footprint=CAPACITOR 0603
Change Component Footprint: Designator=C7 Old Footprint=CAPCHIP0603 New Footprint=CAPACITOR 0805
Change Component Footprint: Designator=C18 Old Footprint=CAPCHIP0603 New Footprint=CAPACITOR 0805
Change Component Footprint: Designator=C27 Old Footprint=CAPCHIP0603 New Footprint=TECAP B
Change Component Footprint: Designator=U1 Old Footprint=QFP50P900X900X160-48N New Footprint=QFP50P1600X1600X160-100N
Change Component Footprint: Designator=R5 Old Footprint=RESCHIP0603 New Footprint=Resistor 0603
Change Component Footprint: Designator=C4 Old Footprint=TECAP A New Footprint=CAPACITOR 0603
Change Component Comment : Designator=R7 Old Comment=0 New Comment=0603 0
Change Component Comment : Designator=R9 Old Comment=0 New Comment=0603 0
Change Component Comment : Designator=C12 Old Comment=0.1uF New Comment=0.001uF
Change Component Comment : Designator=C8 Old Comment=0.1uF New Comment=0603 18 п‘
Change Component Comment : Designator=C10 Old Comment=0.1uF New Comment=0603 18 п‘
Change Component Comment : Designator=R17 Old Comment=1K New Comment=0603 1K
Change Component Comment : Designator=R16 Old Comment=3K New Comment=0603 3K
Change Component Comment : Designator=C22 Old Comment=4,7 uF New Comment=0.1uF
Change Component Comment : Designator=C23 Old Comment=6,8 nF New Comment=0.1uF
Change Component Comment : Designator=C24 Old Comment=6,8 nF New Comment=0.1uF
Change Component Comment : Designator=R6 Old Comment=10K New Comment=0603 10K
Change Component Comment : Designator=R8 Old Comment=10K New Comment=0603 10K
Change Component Comment : Designator=R23 Old Comment=10K New Comment=0603 10K
Change Component Comment : Designator=R15 Old Comment=10k New Comment=0603 50R
Change Component Comment : Designator=R5 Old Comment=10 ќм New Comment=510
Change Component Comment : Designator=R14 Old Comment=12.4k New Comment=0603 50R
Change Component Comment : Designator=X3 Old Comment=12Mhz New Comment=25Mhz
Change Component Comment : Designator=C28 Old Comment=18 п‘ New Comment=0603 18 п‘
Change Component Comment : Designator=C27 Old Comment=18 п‘ New Comment=TECAP B 10u 16V
Change Component Comment : Designator=C26 Old Comment=22 nF New Comment=1uF
Change Component Comment : Designator=C18 Old Comment=22 nF New Comment=2.2uF
Change Component Comment : Designator=X2 Old Comment=25Mhz New Comment=12Mhz
Change Component Comment : Designator=R18 Old Comment=50 ќм New Comment=0603 33R
Change Component Comment : Designator=R19 Old Comment=50 ќм New Comment=0603 33R
Change Component Comment : Designator=C6 Old Comment=100 nF New Comment=0.1uF
Change Component Comment : Designator=C13 Old Comment=100 nF New Comment=0.1uF
Change Component Comment : Designator=C14 Old Comment=100 nF New Comment=0.1uF
Change Component Comment : Designator=C25 Old Comment=100 nF New Comment=0.1uF
Change Component Comment : Designator=C7 Old Comment=100 nF New Comment=2.2uF
Change Component Comment : Designator=R20 Old Comment=220 ќм New Comment=0603 10K
Change Component Comment : Designator=R21 Old Comment=220 ќм New Comment=0603 33R
Change Component Comment : Designator=C4 Old Comment=Cap T New Comment=0.1uF
Change Component Comment : Designator=U1 Old Comment=W5500 New Comment=STM32F303V
Change Component Designator: OldDesignator= NewDesignator=1
Change Component Designator: OldDesignator=1 NewDesignator=2
Change Component Designator: OldDesignator=C5 NewDesignator=C17
Change Component Designator: OldDesignator=C19 NewDesignator=C1
Change Component Designator: OldDesignator=C20 NewDesignator=C2
Change Component Designator: OldDesignator=C21 NewDesignator=C3
Change Component Designator: OldDesignator=R6 NewDesignator=R10
Change Component Designator: OldDesignator=R7 NewDesignator=R11
Change Component Designator: OldDesignator=R8 NewDesignator=R12
Change Component Designator: OldDesignator=R9 NewDesignator=R13
Change Component Designator: OldDesignator=R16 NewDesignator=R3
Change Component Designator: OldDesignator=R17 NewDesignator=R4
Change Component Designator: OldDesignator=R22 NewDesignator=R2
Change Component Designator: OldDesignator=R23 NewDesignator=R1
Change component parameters: Designator = "" ("1"); Footprint = "TSOT23-5L"; UniqueID = "\XBWHJJAX" ("\XBWHJJAX")
Change component parameters (AddParameter): Name = "Availability"; Value = "Unavailable"; VariantName = "[No Variations]"
Change component parameters (AddParameter): Name = "MF"; Value = "Analog Devices"; VariantName = "[No Variations]"
Change component parameters (AddParameter): Name = "MP"; Value = "ADP122AUJZ-3.3-R7"; VariantName = "[No Variations]"
Change component parameters (AddParameter): Name = "Package"; Value = "TSOT-5 Analog Devices"; VariantName = "[No Variations]"
Change component parameters (AddParameter): Name = "Price"; Value = "None"; VariantName = "[No Variations]"
Change component parameters (AddParameter): Name = "SnapEDA_Link"; Value = "https://www.snapeda.com/parts/ADP122AUJZ-3.3-R7/Analog%20Devices%20Inc./view-part/231148/?ref=snap"; VariantName = "[No Variations]"
Change component parameters (AddParameter): Name = "Value"; Value = "ADP122AUJZ-3.3-R7"; VariantName = "[No Variations]"
Change component parameters: Designator = "1" ("2"); Footprint = "TSOT23-5L"; UniqueID = "\ZRPZHMOU" ("\ZRPZHMOU")
Change component parameters (AddParameter): Name = "Availability"; Value = "Unavailable"; VariantName = "[No Variations]"
Change component parameters (AddParameter): Name = "MF"; Value = "Analog Devices"; VariantName = "[No Variations]"
Change component parameters (AddParameter): Name = "MP"; Value = "ADP122AUJZ-3.3-R7"; VariantName = "[No Variations]"
Change component parameters (AddParameter): Name = "Package"; Value = "TSOT-5 Analog Devices"; VariantName = "[No Variations]"
Change component parameters (AddParameter): Name = "Price"; Value = "None"; VariantName = "[No Variations]"
Change component parameters (AddParameter): Name = "SnapEDA_Link"; Value = "https://www.snapeda.com/parts/ADP122AUJZ-3.3-R7/Analog%20Devices%20Inc./view-part/231148/?ref=snap"; VariantName = "[No Variations]"
Change component parameters (AddParameter): Name = "Value"; Value = "ADP122AUJZ-3.3-R7"; VariantName = "[No Variations]"
Change component parameters: Designator = "C5" ("C17"); Footprint = "CAPACITOR 0603"; UniqueID = "\QAHJCVVZ" ("\QAHJCVVZ")
Change component parameters (AddParameter): Name = "Value"; Value = "0603 0.1uF"; VariantName = "[No Variations]"
Change component parameters: Designator = "C9" ("C9"); Footprint = "CAPACITOR 0603"; UniqueID = "\GPXJQWEQ" ("\GPXJQWEQ")
Change component parameters (AddParameter): Name = "Value"; Value = "0603 0.1uF"; VariantName = "[No Variations]"
Change component parameters: Designator = "C11" ("C11"); Footprint = "CAPACITOR 0603"; UniqueID = "\BZVFVFOM" ("\BZVFVFOM")
Change component parameters (AddParameter): Name = "Value"; Value = "0603 0.1uF"; VariantName = "[No Variations]"
Change component parameters: Designator = "C12" ("C12"); Footprint = "CAPACITOR 0603"; UniqueID = "\UTJZSPJK" ("\UTJZSPJK")
Change component parameters (AddParameter): Name = "Value"; Value = "0603 0.1uF  "; VariantName = "[No Variations]"
Change component parameters: Designator = "C20" ("C2"); Footprint = "CAPACITOR 0603"; UniqueID = "\QYRMCOLF" ("\QYRMCOLF")
Change component parameters (AddParameter): Name = "Value"; Value = "0603 0.1uF"; VariantName = "[No Variations]"
Change component parameters: Designator = "C28" ("C28"); Footprint = "CAPCHIP0603"; UniqueID = "\DDFVLRNO" ("\DDFVLRNO")
Change component parameters (AddParameter): Name = "Type"; Value = "0603"; VariantName = "[No Variations]"
Change component parameters (AddParameter): Name = "Value"; Value = "0603 18 п‘"; VariantName = "[No Variations]"
Change component parameters: Designator = "D1" ("D1"); Footprint = "DIOM7958X213N"; UniqueID = "\UOCQZPPP" ("\UOCQZPPP")
Change component parameters (AddParameter): Name = "Availability"; Value = "Unavailable"; VariantName = "[No Variations]"
Change component parameters (AddParameter): Name = "MF"; Value = "ON Semiconductor"; VariantName = "[No Variations]"
Change component parameters (AddParameter): Name = "MP"; Value = "MBRS540T3G"; VariantName = "[No Variations]"
Change component parameters (AddParameter): Name = "Package"; Value = "DO-214 ON Semiconductor"; VariantName = "[No Variations]"
Change component parameters (AddParameter): Name = "Price"; Value = "None"; VariantName = "[No Variations]"
Change component parameters (AddParameter): Name = "SnapEDA_Link"; Value = "https://www.snapeda.com/parts/MBRS540T3G/ON%20Semiconductor/view-part/78777/?ref=snap"; VariantName = "[No Variations]"
Change component parameters (AddParameter): Name = "Value"; Value = "MBRS540T3G"; VariantName = "[No Variations]"
Change component parameters: Designator = "DD1" ("DD1"); Footprint = "TO-263"; UniqueID = "\MPAARLQC" ("\MPAARLQC")
Change component parameters (AddParameter): Name = "ComponentLink1URL"; Value = "http://www.national.com/ds/LM/LM2596.pdf"; VariantName = "[No Variations]"
Change component parameters (AddParameter): Name = "ComponentLink2URL"; Value = "http://www.national.com/pf/LM/LM2596.html"; VariantName = "[No Variations]"
Change component parameters (AddParameter): Name = "ComponentLink3URL"; Value = "http://www.national.com/packaging/folders/ts5b.html"; VariantName = "[No Variations]"
Change component parameters (AddParameter): Name = "CompType"; Value = "Switcher"; VariantName = "[No Variations]"
Change component parameters (AddParameter): Name = "Manufacturer"; Value = "National Semiconductor"; VariantName = "[No Variations]"
Change component parameters (AddParameter): Name = "PartNumber"; Value = "LM2596S-ADJ"; VariantName = "[No Variations]"
Change component parameters (AddParameter): Name = "Published"; Value = "13.04.2012"; VariantName = "[No Variations]"
Change component parameters (AddParameter): Name = "Publisher"; Value = "Reukov A.V."; VariantName = "[No Variations]"
Change component parameters (AddParameter): Name = "Value"; Value = "LM2596S-ADJ"; VariantName = "[No Variations]"
Change component parameters: Designator = "DG1" ("DG1"); Footprint = "PCBComponent_1"; UniqueID = "\PUDTXDDG" ("\PUDTXDDG")
Change component parameters (AddParameter): Name = "Value"; Value = "degson"; VariantName = "[No Variations]"
Change component parameters: Designator = "H1" ("H1"); Footprint = "Hole 3.5"; UniqueID = "\HQJZMJNC" ("\HQJZMJNC")
Change component parameters (AddParameter): Name = "Value"; Value = ""; VariantName = "[No Variations]"
Change component parameters: Designator = "H2" ("H2"); Footprint = "Hole 3.5"; UniqueID = "\INLXIJZC" ("\INLXIJZC")
Change component parameters (AddParameter): Name = "Value"; Value = ""; VariantName = "[No Variations]"
Change component parameters: Designator = "H3" ("H3"); Footprint = "Hole 3.5"; UniqueID = "\UOVRBBKX" ("\UOVRBBKX")
Change component parameters (AddParameter): Name = "Value"; Value = ""; VariantName = "[No Variations]"
Change component parameters: Designator = "H4" ("H4"); Footprint = "Hole 3.5"; UniqueID = "\IOREKIAG" ("\IOREKIAG")
Change component parameters (AddParameter): Name = "Value"; Value = ""; VariantName = "[No Variations]"
Change component parameters: Designator = "IC1" ("IC1"); Footprint = "NSO8"; UniqueID = "\RWWKLWSX" ("\RWWKLWSX")
Change component parameters (AddParameter): Name = "Value"; Value = "GD25Q16CTIGR"; VariantName = "[No Variations]"
Change component parameters: Designator = "J1" ("J1"); Footprint = "HANRUN_HR911105A"; UniqueID = "\EEEWNYCN" ("\EEEWNYCN")
Change component parameters (AddParameter): Name = "Availability"; Value = "Unavailable"; VariantName = "[No Variations]"
Change component parameters (AddParameter): Name = "MF"; Value = "DFRobot"; VariantName = "[No Variations]"
Change component parameters (AddParameter): Name = "MP"; Value = "HR911105A"; VariantName = "[No Variations]"
Change component parameters (AddParameter): Name = "Package"; Value = "None"; VariantName = "[No Variations]"
Change component parameters (AddParameter): Name = "Price"; Value = "None"; VariantName = "[No Variations]"
Change component parameters (AddParameter): Name = "SnapEDA_Link"; Value = "https://www.snapeda.com/parts/HR911105A/DFRobot/view-part/214807/?ref=snap"; VariantName = "[No Variations]"
Change component parameters (AddParameter): Name = "Value"; Value = "HR911105A"; VariantName = "[No Variations]"
Change component parameters: Designator = "P1" ("P1"); Footprint = "HDR1X3"; UniqueID = "\SQRIJBFH" ("\SQRIJBFH")
Change component parameters (AddParameter): Name = "LatestRevisionDate"; Value = "17-Jul-2002"; VariantName = "[No Variations]"
Change component parameters (AddParameter): Name = "LatestRevisionNote"; Value = "Re-released for DXP Platform."; VariantName = "[No Variations]"
Change component parameters (AddParameter): Name = "Publisher"; Value = "Altium Limited"; VariantName = "[No Variations]"
Change component parameters (AddParameter): Name = "Value"; Value = ""; VariantName = "[No Variations]"
Change component parameters: Designator = "R6" ("R10"); Footprint = "Resistor 0603"; UniqueID = "\JOBPTPTS" ("\JOBPTPTS")
Change component parameters (AddParameter): Name = "Value"; Value = "0603 10K"; VariantName = "[No Variations]"
Change component parameters: Designator = "R7" ("R11"); Footprint = "Resistor 0603"; UniqueID = "\ESTAGVQA" ("\ESTAGVQA")
Change component parameters (AddParameter): Name = "Value"; Value = "0603 0"; VariantName = "[No Variations]"
Change component parameters: Designator = "R8" ("R12"); Footprint = "Resistor 0603"; UniqueID = "\RVIHKSYY" ("\RVIHKSYY")
Change component parameters (AddParameter): Name = "Value"; Value = "0603 10K"; VariantName = "[No Variations]"
Change component parameters: Designator = "R9" ("R13"); Footprint = "Resistor 0603"; UniqueID = "\QHMIEHUZ" ("\QHMIEHUZ")
Change component parameters (AddParameter): Name = "Value"; Value = "0603 0"; VariantName = "[No Variations]"
Change component parameters: Designator = "R14" ("R14"); Footprint = "RESCHIP0603"; UniqueID = "\YPUJYKOW" ("\YPUJYKOW")
Change component parameters (AddParameter): Name = "Body"; Value = "{Body}"; VariantName = "[No Variations]"
Change component parameters (AddParameter): Name = "Class"; Value = "Ёлектронные компоненты"; VariantName = "[No Variations]"
Change component parameters (AddParameter): Name = "Installation"; Value = "{Installation}"; VariantName = "[No Variations]"
Change component parameters (AddParameter): Name = "Ordering_Information"; Value = "{Ordering_Information}"; VariantName = "[No Variations]"
Change component parameters (AddParameter): Name = "Pins"; Value = "2"; VariantName = "[No Variations]"
Change component parameters (AddParameter): Name = "Power_W"; Value = "{Power_W}"; VariantName = "[No Variations]"
Change component parameters (AddParameter): Name = "SubClass"; Value = "–езисторы"; VariantName = "[No Variations]"
Change component parameters (AddParameter): Name = "Tolerance_Percent"; Value = "{Tolerance_Percent}"; VariantName = "[No Variations]"
Change component parameters (AddParameter): Name = "Value"; Value = "0603 50R"; VariantName = "[No Variations]"
Change component parameters: Designator = "R15" ("R15"); Footprint = "RESCHIP0603"; UniqueID = "\NZRWFHNF" ("\NZRWFHNF")
Change component parameters (AddParameter): Name = "Body"; Value = "{Body}"; VariantName = "[No Variations]"
Change component parameters (AddParameter): Name = "Class"; Value = "Ёлектронные компоненты"; VariantName = "[No Variations]"
Change component parameters (AddParameter): Name = "Installation"; Value = "{Installation}"; VariantName = "[No Variations]"
Change component parameters (AddParameter): Name = "Ordering_Information"; Value = "{Ordering_Information}"; VariantName = "[No Variations]"
Change component parameters (AddParameter): Name = "Pins"; Value = "2"; VariantName = "[No Variations]"
Change component parameters (AddParameter): Name = "Power_W"; Value = "{Power_W}"; VariantName = "[No Variations]"
Change component parameters (AddParameter): Name = "SubClass"; Value = "–езисторы"; VariantName = "[No Variations]"
Change component parameters (AddParameter): Name = "Tolerance_Percent"; Value = "{Tolerance_Percent}"; VariantName = "[No Variations]"
Change component parameters (AddParameter): Name = "Value"; Value = "0603 50R"; VariantName = "[No Variations]"
Change component parameters: Designator = "R16" ("R3"); Footprint = "Resistor 0603"; UniqueID = "\QZDPJKBU" ("\QZDPJKBU")
Change component parameters (AddParameter): Name = "Value"; Value = "0603 3K"; VariantName = "[No Variations]"
Change component parameters: Designator = "R17" ("R4"); Footprint = "Resistor 0603"; UniqueID = "\ZZMRPXCD" ("\ZZMRPXCD")
Change component parameters (AddParameter): Name = "Value"; Value = "0603 1K"; VariantName = "[No Variations]"
Change component parameters: Designator = "R23" ("R1"); Footprint = "RESCHIP0603"; UniqueID = "\RZJKADVZ" ("\RZJKADVZ")
Change component parameters (AddParameter): Name = "Body"; Value = "{Body}"; VariantName = "[No Variations]"
Change component parameters (AddParameter): Name = "Class"; Value = "Ёлектронные компоненты"; VariantName = "[No Variations]"
Change component parameters (AddParameter): Name = "Installation"; Value = "{Installation}"; VariantName = "[No Variations]"
Change component parameters (AddParameter): Name = "Ordering_Information"; Value = "{Ordering_Information}"; VariantName = "[No Variations]"
Change component parameters (AddParameter): Name = "Pins"; Value = "2"; VariantName = "[No Variations]"
Change component parameters (AddParameter): Name = "Power_W"; Value = "{Power_W}"; VariantName = "[No Variations]"
Change component parameters (AddParameter): Name = "SubClass"; Value = "–езисторы"; VariantName = "[No Variations]"
Change component parameters (AddParameter): Name = "Tolerance_Percent"; Value = "{Tolerance_Percent}"; VariantName = "[No Variations]"
Change component parameters (AddParameter): Name = "Value"; Value = "0603 10K"; VariantName = "[No Variations]"
Change component parameters: Designator = "VD1" ("VD1"); Footprint = "0805-"; UniqueID = "\OSMONPMK" ("\OSMONPMK")
Change component parameters (AddParameter): Name = "Body"; Value = "{Body}"; VariantName = "[No Variations]"
Change component parameters (AddParameter): Name = "Class"; Value = "Ёлектронные компоненты"; VariantName = "[No Variations]"
Change component parameters (AddParameter): Name = "Color"; Value = "{Color}"; VariantName = "[No Variations]"
Change component parameters (AddParameter): Name = "Diameter_mm"; Value = "{Diameter_mm}"; VariantName = "[No Variations]"
Change component parameters (AddParameter): Name = "Installation"; Value = "{Installation}"; VariantName = "[No Variations]"
Change component parameters (AddParameter): Name = "Luminous_intensity_mcd"; Value = "{Luminous_intensity_mcd}"; VariantName = "[No Variations]"
Change component parameters (AddParameter): Name = "Ordering_Information"; Value = "{Ordering_Information}"; VariantName = "[No Variations]"
Change component parameters (AddParameter): Name = "Pins"; Value = "2"; VariantName = "[No Variations]"
Change component parameters (AddParameter): Name = "Pitch_mm"; Value = "{Pitch_mm}"; VariantName = "[No Variations]"
Change component parameters (AddParameter): Name = "SubClass"; Value = "—ветодиоды"; VariantName = "[No Variations]"
Change component parameters (AddParameter): Name = "Value"; Value = "0805"; VariantName = "[No Variations]"
Change component parameters: Designator = "X1" ("X1"); Footprint = "PLS-5-3D"; UniqueID = "\ZZHNUAJC" ("\ZZHNUAJC")
Change component parameters (AddParameter): Name = "LatestRevisionDate"; Value = "17-Jul-2002"; VariantName = "[No Variations]"
Change component parameters (AddParameter): Name = "LatestRevisionNote"; Value = "Re-released for DXP Platform."; VariantName = "[No Variations]"
Change component parameters (AddParameter): Name = "Publisher"; Value = "Altium Limited"; VariantName = "[No Variations]"
Change component parameters (AddParameter): Name = "Value"; Value = ""; VariantName = "[No Variations]"
Change component parameters: Designator = "X2" ("X2"); Footprint = "XTAL_3.2_2.5"; UniqueID = "\DVXCWNVG" ("\DVXCWNVG")
Change component parameters (AddParameter): Name = "Value"; Value = ""; VariantName = "[No Variations]"
Change component parameters: Designator = "X3" ("X3"); Footprint = "XTAL_3.2_2.5"; UniqueID = "\BKBQSBFT" ("\BKBQSBFT")
Change component parameters (AddParameter): Name = "Value"; Value = ""; VariantName = "[No Variations]"
Change component parameters: Designator = "C6" ("C6"); Footprint = "CAPCHIP0603"; UniqueID = "\HLOPZDDI" ("\HLOPZDDI")
Change component parameters (AddParameter): Name = "Value"; Value = "0603 0.1uF  "; VariantName = "[No Variations]"
Change component parameters: Designator = "C7" ("C7"); Footprint = "CAPCHIP0603"; UniqueID = "\FJUMOSEP" ("\FJUMOSEP")
Change component parameters (AddParameter): Name = "Value"; Value = "0805 2.2uF"; VariantName = "[No Variations]"
Change component parameters: Designator = "C8" ("C8"); Footprint = "CAPACITOR 0603"; UniqueID = "\AULWKEVO" ("\AULWKEVO")
Change component parameters (AddParameter): Name = "Type"; Value = "0603"; VariantName = "[No Variations]"
Change component parameters (AddParameter): Name = "Value"; Value = "0603 18 п‘"; VariantName = "[No Variations]"
Change component parameters: Designator = "C10" ("C10"); Footprint = "CAPACITOR 0603"; UniqueID = "\IYDTMXRS" ("\IYDTMXRS")
Change component parameters (AddParameter): Name = "Type"; Value = "0603"; VariantName = "[No Variations]"
Change component parameters (AddParameter): Name = "Value"; Value = "0603 18 п‘"; VariantName = "[No Variations]"
Change component parameters: Designator = "C13" ("C13"); Footprint = "CAPCHIP0603"; UniqueID = "\HCHMFESO" ("\HCHMFESO")
Change component parameters (AddParameter): Name = "Value"; Value = "0603 0.1uF"; VariantName = "[No Variations]"
Change component parameters: Designator = "C14" ("C14"); Footprint = "CAPCHIP0603"; UniqueID = "\IHAAHFGG" ("\IHAAHFGG")
Change component parameters (AddParameter): Name = "Value"; Value = "0603 0.1uF"; VariantName = "[No Variations]"
Change component parameters: Designator = "C18" ("C18"); Footprint = "CAPCHIP0603"; UniqueID = "\QRWNGAZW" ("\QRWNGAZW")
Change component parameters (AddParameter): Name = "Value"; Value = "0805 2.2uF"; VariantName = "[No Variations]"
Change component parameters: Designator = "C22" ("C22"); Footprint = "CAPCHIP0603"; UniqueID = "\PAILTRVR" ("\PAILTRVR")
Change component parameters (AddParameter): Name = "Value"; Value = "0603 0.1uF  "; VariantName = "[No Variations]"
Change component parameters: Designator = "C23" ("C23"); Footprint = "CAPCHIP0603"; UniqueID = "\FQIGFLAS" ("\FQIGFLAS")
Change component parameters (AddParameter): Name = "Value"; Value = "0603 0.1uF"; VariantName = "[No Variations]"
Change component parameters: Designator = "C24" ("C24"); Footprint = "CAPCHIP0603"; UniqueID = "\GFLSKZDQ" ("\GFLSKZDQ")
Change component parameters (AddParameter): Name = "Value"; Value = "0603 0.1uF  "; VariantName = "[No Variations]"
Change component parameters: Designator = "C25" ("C25"); Footprint = "CAPCHIP0603"; UniqueID = "\CIYTUVTQ" ("\CIYTUVTQ")
Change component parameters (AddParameter): Name = "Value"; Value = "0603 0.1uF"; VariantName = "[No Variations]"
Change component parameters: Designator = "C26" ("C26"); Footprint = "CAPCHIP0603"; UniqueID = "\ULJQLKQV" ("\ULJQLKQV")
Change component parameters (AddParameter): Name = "Value"; Value = "0603 1uF"; VariantName = "[No Variations]"
Change component parameters: Designator = "C4" ("C4"); Footprint = "TECAP A"; UniqueID = "\PNTJYRCV" ("\PNTJYRCV")
Change component parameters (AddParameter): Name = "Value"; Value = "0603 0.1uF"; VariantName = "[No Variations]"
Change component parameters: Designator = "C27" ("C27"); Footprint = "CAPCHIP0603"; UniqueID = "\CFRWAAWE" ("\CFRWAAWE")
Change component parameters (AddParameter): Name = "Type"; Value = "TECAP B"; VariantName = "[No Variations]"
Change component parameters (AddParameter): Name = "Value"; Value = "TECAP B 10u 16V"; VariantName = "[No Variations]"
Change component parameters (AddParameter): Name = "Voltage"; Value = "16V"; VariantName = "[No Variations]"
Change component parameters: Designator = "R5" ("R5"); Footprint = "RESCHIP0603"; UniqueID = "\GJQXXQRU" ("\GJQXXQRU")
Change component parameters (AddParameter): Name = "Value"; Value = "0603 510R"; VariantName = "[No Variations]"
Change component parameters: Designator = "U1" ("U1"); Footprint = "QFP50P900X900X160-48N"; UniqueID = "\HTSVYBGF" ("\HTSVYBGF")
Change component parameters (AddParameter): Name = "Availability"; Value = "Unavailable"; VariantName = "[No Variations]"
Change component parameters (AddParameter): Name = "MF"; Value = "STMicroelectronics"; VariantName = "[No Variations]"
Change component parameters (AddParameter): Name = "MP"; Value = "STM32F303V"; VariantName = "[No Variations]"
Change component parameters (AddParameter): Name = "Package"; Value = "LQFP-100 STMicroelectronics"; VariantName = "[No Variations]"
Change component parameters (AddParameter): Name = "Price"; Value = "None"; VariantName = "[No Variations]"
Change component parameters (AddParameter): Name = "Value"; Value = "STM32F407VE"; VariantName = "[No Variations]"
Change component parameters: Designator = "R18" ("R18"); Footprint = "RESCHIP0603"; UniqueID = "\JLXIJYTL" ("\JLXIJYTL")
Change component parameters (AddParameter): Name = "Body"; Value = "{Body}"; VariantName = "[No Variations]"
Change component parameters (AddParameter): Name = "Class"; Value = "Ёлектронные компоненты"; VariantName = "[No Variations]"
Change component parameters (AddParameter): Name = "Installation"; Value = "{Installation}"; VariantName = "[No Variations]"
Change component parameters (AddParameter): Name = "Ordering_Information"; Value = "{Ordering_Information}"; VariantName = "[No Variations]"
Change component parameters (AddParameter): Name = "Pins"; Value = "2"; VariantName = "[No Variations]"
Change component parameters (AddParameter): Name = "Power_W"; Value = "{Power_W}"; VariantName = "[No Variations]"
Change component parameters (AddParameter): Name = "SubClass"; Value = "–езисторы"; VariantName = "[No Variations]"
Change component parameters (AddParameter): Name = "Tolerance_Percent"; Value = "{Tolerance_Percent}"; VariantName = "[No Variations]"
Change component parameters (AddParameter): Name = "Value"; Value = "0603 33R"; VariantName = "[No Variations]"
Change component parameters: Designator = "R19" ("R19"); Footprint = "RESCHIP0603"; UniqueID = "\LZACIZYX" ("\LZACIZYX")
Change component parameters (AddParameter): Name = "Body"; Value = "{Body}"; VariantName = "[No Variations]"
Change component parameters (AddParameter): Name = "Class"; Value = "Ёлектронные компоненты"; VariantName = "[No Variations]"
Change component parameters (AddParameter): Name = "Installation"; Value = "{Installation}"; VariantName = "[No Variations]"
Change component parameters (AddParameter): Name = "Ordering_Information"; Value = "{Ordering_Information}"; VariantName = "[No Variations]"
Change component parameters (AddParameter): Name = "Pins"; Value = "2"; VariantName = "[No Variations]"
Change component parameters (AddParameter): Name = "Power_W"; Value = "{Power_W}"; VariantName = "[No Variations]"
Change component parameters (AddParameter): Name = "SubClass"; Value = "–езисторы"; VariantName = "[No Variations]"
Change component parameters (AddParameter): Name = "Tolerance_Percent"; Value = "{Tolerance_Percent}"; VariantName = "[No Variations]"
Change component parameters (AddParameter): Name = "Value"; Value = "0603 33R"; VariantName = "[No Variations]"
Change component parameters: Designator = "R20" ("R20"); Footprint = "RESCHIP0603"; UniqueID = "\KULCDCXX" ("\KULCDCXX")
Change component parameters (AddParameter): Name = "Body"; Value = "{Body}"; VariantName = "[No Variations]"
Change component parameters (AddParameter): Name = "Class"; Value = "Ёлектронные компоненты"; VariantName = "[No Variations]"
Change component parameters (AddParameter): Name = "Installation"; Value = "{Installation}"; VariantName = "[No Variations]"
Change component parameters (AddParameter): Name = "Ordering_Information"; Value = "{Ordering_Information}"; VariantName = "[No Variations]"
Change component parameters (AddParameter): Name = "Pins"; Value = "2"; VariantName = "[No Variations]"
Change component parameters (AddParameter): Name = "Power_W"; Value = "{Power_W}"; VariantName = "[No Variations]"
Change component parameters (AddParameter): Name = "SubClass"; Value = "–езисторы"; VariantName = "[No Variations]"
Change component parameters (AddParameter): Name = "Tolerance_Percent"; Value = "{Tolerance_Percent}"; VariantName = "[No Variations]"
Change component parameters (AddParameter): Name = "Value"; Value = "0603 10K"; VariantName = "[No Variations]"
Change component parameters: Designator = "R21" ("R21"); Footprint = "RESCHIP0603"; UniqueID = "\WNKNLPEA" ("\WNKNLPEA")
Change component parameters (AddParameter): Name = "Body"; Value = "{Body}"; VariantName = "[No Variations]"
Change component parameters (AddParameter): Name = "Class"; Value = "Ёлектронные компоненты"; VariantName = "[No Variations]"
Change component parameters (AddParameter): Name = "Installation"; Value = "{Installation}"; VariantName = "[No Variations]"
Change component parameters (AddParameter): Name = "Ordering_Information"; Value = "{Ordering_Information}"; VariantName = "[No Variations]"
Change component parameters (AddParameter): Name = "Pins"; Value = "2"; VariantName = "[No Variations]"
Change component parameters (AddParameter): Name = "Power_W"; Value = "{Power_W}"; VariantName = "[No Variations]"
Change component parameters (AddParameter): Name = "SubClass"; Value = "–езисторы"; VariantName = "[No Variations]"
Change component parameters (AddParameter): Name = "Tolerance_Percent"; Value = "{Tolerance_Percent}"; VariantName = "[No Variations]"
Change component parameters (AddParameter): Name = "Value"; Value = "0603 33R"; VariantName = "[No Variations]"
Added Component: Designator=C5(CAPACITOR 0603)
Add component (AddParameter): Name = "Value"; Value = "0603 0.1uF"; VariantName = "[No Variations]"
Added Component: Designator=C15(CAPACITOR 0603)
Add component (AddParameter): Name = "Value"; Value = "0603 0.1uF"; VariantName = "[No Variations]"
Added Component: Designator=C16(CAPACITOR 0603)
Add component (AddParameter): Name = "Value"; Value = "0603 0.1uF"; VariantName = "[No Variations]"
Added Component: Designator=C19(TECAP B)
Add component (AddParameter): Name = "Type"; Value = "Type"; VariantName = "[No Variations]"
Add component (AddParameter): Name = "Value"; Value = "TECAP B 10u 16V"; VariantName = "[No Variations]"
Add component (AddParameter): Name = "Voltage"; Value = "6v"; VariantName = "[No Variations]"
Added Component: Designator=C20(CAPCHIP0603)
Add component (AddParameter): Name = "Type"; Value = "0603"; VariantName = "[No Variations]"
Add component (AddParameter): Name = "Value"; Value = "0603 0.1uF"; VariantName = "[No Variations]"
Added Component: Designator=C21(CAPCHIP0603)
Add component (AddParameter): Name = "Type"; Value = "0603"; VariantName = "[No Variations]"
Add component (AddParameter): Name = "Value"; Value = "0603 0.1uF"; VariantName = "[No Variations]"
Added Component: Designator=C29(CAPCHIP0603)
Add component (AddParameter): Name = "Type"; Value = "0603"; VariantName = "[No Variations]"
Add component (AddParameter): Name = "Value"; Value = "0603 18 п‘"; VariantName = "[No Variations]"
Added Component: Designator=D2(LED_150141M173100)
Add component (AddParameter): Name = "Availability"; Value = "Unavailable"; VariantName = "[No Variations]"
Add component (AddParameter): Name = "MF"; Value = "Wurth Electronics"; VariantName = "[No Variations]"
Add component (AddParameter): Name = "MP"; Value = "150141M173100"; VariantName = "[No Variations]"
Add component (AddParameter): Name = "Package"; Value = "1411 WA?rth Elektronik"; VariantName = "[No Variations]"
Add component (AddParameter): Name = "Price"; Value = "None"; VariantName = "[No Variations]"
Add component (AddParameter): Name = "SnapEDA_Link"; Value = "https://www.snapeda.com/parts/150141M173100/Wurth%20Electronics%20Inc./view-part/281733/?ref=snap"; VariantName = "[No Variations]"
Add component (AddParameter): Name = "Value"; Value = "RGB"; VariantName = "[No Variations]"
Added Component: Designator=IC2(LAN8742A)
Add component (AddParameter): Name = "Value"; Value = "LAN8742A-CZ-TR"; VariantName = "[No Variations]"
Added Component: Designator=R6(Resistor 0603)
Add component (AddParameter): Name = "Value"; Value = "0603 1.5K  "; VariantName = "[No Variations]"
Added Component: Designator=R7(Resistor 0603)
Add component (AddParameter): Name = "Value"; Value = "0603 1.5K"; VariantName = "[No Variations]"
Added Component: Designator=R8(Resistor 0603)
Add component (AddParameter): Name = "Value"; Value = "0603 510R"; VariantName = "[No Variations]"
Added Component: Designator=R9(Resistor 0603)
Add component (AddParameter): Name = "Value"; Value = "0603 1.5K"; VariantName = "[No Variations]"
Added Component: Designator=R16(RESCHIP0603)
Add component (AddParameter): Name = "Body"; Value = "{Body}"; VariantName = "[No Variations]"
Add component (AddParameter): Name = "Class"; Value = "Ёлектронные компоненты"; VariantName = "[No Variations]"
Add component (AddParameter): Name = "Installation"; Value = "{Installation}"; VariantName = "[No Variations]"
Add component (AddParameter): Name = "Ordering_Information"; Value = "{Ordering_Information}"; VariantName = "[No Variations]"
Add component (AddParameter): Name = "Pins"; Value = "2"; VariantName = "[No Variations]"
Add component (AddParameter): Name = "Power_W"; Value = "{Power_W}"; VariantName = "[No Variations]"
Add component (AddParameter): Name = "SubClass"; Value = "–езисторы"; VariantName = "[No Variations]"
Add component (AddParameter): Name = "Tolerance_Percent"; Value = "{Tolerance_Percent}"; VariantName = "[No Variations]"
Add component (AddParameter): Name = "Value"; Value = "0603 50R"; VariantName = "[No Variations]"
Added Component: Designator=R17(RESCHIP0603)
Add component (AddParameter): Name = "Body"; Value = "{Body}"; VariantName = "[No Variations]"
Add component (AddParameter): Name = "Class"; Value = "Ёлектронные компоненты"; VariantName = "[No Variations]"
Add component (AddParameter): Name = "Installation"; Value = "{Installation}"; VariantName = "[No Variations]"
Add component (AddParameter): Name = "Ordering_Information"; Value = "{Ordering_Information}"; VariantName = "[No Variations]"
Add component (AddParameter): Name = "Pins"; Value = "2"; VariantName = "[No Variations]"
Add component (AddParameter): Name = "Power_W"; Value = "{Power_W}"; VariantName = "[No Variations]"
Add component (AddParameter): Name = "SubClass"; Value = "–езисторы"; VariantName = "[No Variations]"
Add component (AddParameter): Name = "Tolerance_Percent"; Value = "{Tolerance_Percent}"; VariantName = "[No Variations]"
Add component (AddParameter): Name = "Value"; Value = "0603 50R"; VariantName = "[No Variations]"
Added Component: Designator=R22(RESCHIP0603)
Add component (AddParameter): Name = "Body"; Value = "{Body}"; VariantName = "[No Variations]"
Add component (AddParameter): Name = "Class"; Value = "Ёлектронные компоненты"; VariantName = "[No Variations]"
Add component (AddParameter): Name = "Installation"; Value = "{Installation}"; VariantName = "[No Variations]"
Add component (AddParameter): Name = "Ordering_Information"; Value = "{Ordering_Information}"; VariantName = "[No Variations]"
Add component (AddParameter): Name = "Pins"; Value = "2"; VariantName = "[No Variations]"
Add component (AddParameter): Name = "Power_W"; Value = "{Power_W}"; VariantName = "[No Variations]"
Add component (AddParameter): Name = "SubClass"; Value = "–езисторы"; VariantName = "[No Variations]"
Add component (AddParameter): Name = "Tolerance_Percent"; Value = "{Tolerance_Percent}"; VariantName = "[No Variations]"
Add component (AddParameter): Name = "Value"; Value = "0603 12.1k"; VariantName = "[No Variations]"
Added Component: Designator=R23(RESCHIP0603)
Add component (AddParameter): Name = "PWR"; Value = "Value"; VariantName = "[No Variations]"
Add component (AddParameter): Name = "Tolerance"; Value = "%"; VariantName = "[No Variations]"
Add component (AddParameter): Name = "Type"; Value = "0603"; VariantName = "[No Variations]"
Add component (AddParameter): Name = "Value"; Value = "0603 220 ќм"; VariantName = "[No Variations]"
Added Component: Designator=R24(RESCHIP0603)
Add component (AddParameter): Name = "Body"; Value = "{Body}"; VariantName = "[No Variations]"
Add component (AddParameter): Name = "Class"; Value = "Ёлектронные компоненты"; VariantName = "[No Variations]"
Add component (AddParameter): Name = "Installation"; Value = "{Installation}"; VariantName = "[No Variations]"
Add component (AddParameter): Name = "Ordering_Information"; Value = "{Ordering_Information}"; VariantName = "[No Variations]"
Add component (AddParameter): Name = "Pins"; Value = "2"; VariantName = "[No Variations]"
Add component (AddParameter): Name = "Power_W"; Value = "{Power_W}"; VariantName = "[No Variations]"
Add component (AddParameter): Name = "SubClass"; Value = "–езисторы"; VariantName = "[No Variations]"
Add component (AddParameter): Name = "Tolerance_Percent"; Value = "{Tolerance_Percent}"; VariantName = "[No Variations]"
Add component (AddParameter): Name = "Value"; Value = "0603 33R"; VariantName = "[No Variations]"
Added Component: Designator=R25(RESCHIP0603)
Add component (AddParameter): Name = "PWR"; Value = "Value"; VariantName = "[No Variations]"
Add component (AddParameter): Name = "Tolerance"; Value = "%"; VariantName = "[No Variations]"
Add component (AddParameter): Name = "Type"; Value = "0603"; VariantName = "[No Variations]"
Add component (AddParameter): Name = "Value"; Value = "0603 220 ќм"; VariantName = "[No Variations]"
Added Component: Designator=R26(RESCHIP0603)
Add component (AddParameter): Name = "Body"; Value = "{Body}"; VariantName = "[No Variations]"
Add component (AddParameter): Name = "Class"; Value = "Ёлектронные компоненты"; VariantName = "[No Variations]"
Add component (AddParameter): Name = "Installation"; Value = "{Installation}"; VariantName = "[No Variations]"
Add component (AddParameter): Name = "Ordering_Information"; Value = "{Ordering_Information}"; VariantName = "[No Variations]"
Add component (AddParameter): Name = "Pins"; Value = "2"; VariantName = "[No Variations]"
Add component (AddParameter): Name = "Power_W"; Value = "{Power_W}"; VariantName = "[No Variations]"
Add component (AddParameter): Name = "SubClass"; Value = "–езисторы"; VariantName = "[No Variations]"
Add component (AddParameter): Name = "Tolerance_Percent"; Value = "{Tolerance_Percent}"; VariantName = "[No Variations]"
Add component (AddParameter): Name = "Value"; Value = "0603 1.5K"; VariantName = "[No Variations]"
Added Component: Designator=R27(RESCHIP0603)
Add component (AddParameter): Name = "Body"; Value = "{Body}"; VariantName = "[No Variations]"
Add component (AddParameter): Name = "Class"; Value = "Ёлектронные компоненты"; VariantName = "[No Variations]"
Add component (AddParameter): Name = "Installation"; Value = "{Installation}"; VariantName = "[No Variations]"
Add component (AddParameter): Name = "Ordering_Information"; Value = "{Ordering_Information}"; VariantName = "[No Variations]"
Add component (AddParameter): Name = "Pins"; Value = "2"; VariantName = "[No Variations]"
Add component (AddParameter): Name = "Power_W"; Value = "{Power_W}"; VariantName = "[No Variations]"
Add component (AddParameter): Name = "SubClass"; Value = "–езисторы"; VariantName = "[No Variations]"
Add component (AddParameter): Name = "Tolerance_Percent"; Value = "{Tolerance_Percent}"; VariantName = "[No Variations]"
Add component (AddParameter): Name = "Value"; Value = "0603 1.5K"; VariantName = "[No Variations]"
Added Component: Designator=XP1(ZL201-3)
Add component (AddParameter): Name = "Class"; Value = "Ёлектронные компоненты"; VariantName = "[No Variations]"
Add component (AddParameter): Name = "Installation"; Value = "DIP"; VariantName = "[No Variations]"
Add component (AddParameter): Name = "Ordering_Information"; Value = "{Ordering_Information}"; VariantName = "[No Variations]"
Add component (AddParameter): Name = "Pins"; Value = "3"; VariantName = "[No Variations]"
Add component (AddParameter): Name = "Pitch_mm"; Value = "{Pitch_mm}"; VariantName = "[No Variations]"
Add component (AddParameter): Name = "SubClass"; Value = "–азъемы"; VariantName = "[No Variations]"
Add component (AddParameter): Name = "Type_of_connector"; Value = "{Type_of_connector}"; VariantName = "[No Variations]"
Add component (AddParameter): Name = "Value"; Value = "Battery"; VariantName = "[No Variations]"
Added Component: Designator=XP2(ZL201-3)
Add component (AddParameter): Name = "Class"; Value = "Ёлектронные компоненты"; VariantName = "[No Variations]"
Add component (AddParameter): Name = "Installation"; Value = "DIP"; VariantName = "[No Variations]"
Add component (AddParameter): Name = "Ordering_Information"; Value = "{Ordering_Information}"; VariantName = "[No Variations]"
Add component (AddParameter): Name = "Pins"; Value = "3"; VariantName = "[No Variations]"
Add component (AddParameter): Name = "Pitch_mm"; Value = "{Pitch_mm}"; VariantName = "[No Variations]"
Add component (AddParameter): Name = "SubClass"; Value = "–азъемы"; VariantName = "[No Variations]"
Add component (AddParameter): Name = "Type_of_connector"; Value = "{Type_of_connector}"; VariantName = "[No Variations]"
Add component (AddParameter): Name = "Value"; Value = "reset setings"; VariantName = "[No Variations]"
Added Pin To Net: NetName=+3.3v Pin=C4-1
Added Pin To Net: NetName=+3.3v Pin=C5-1
Added Pin To Net: NetName=AGND Pin=C5-2
Added Pin To Net: NetName=+3.3v Pin=C6-1
Added Pin To Net: NetName=AGND Pin=C6-2
Added Pin To Net: NetName=AGND Pin=C7-2
Added Pin To Net: NetName=AGND Pin=C8-1
Added Pin To Net: NetName=+3.3v Pin=C13-1
Added Pin To Net: NetName=AGND Pin=C13-2
Added Pin To Net: NetName=+3.3v Pin=C14-1
Added Pin To Net: NetName=AGND Pin=C14-2
Added Pin To Net: NetName=+3.3v_E Pin=C15-1
Added Pin To Net: NetName=AGND Pin=C15-2
Added Pin To Net: NetName=+3.3v_E Pin=C16-1
Added Pin To Net: NetName=AGND Pin=C16-2
Added Pin To Net: NetName=+3.3v_E Pin=C19-1
Added Pin To Net: NetName=AGND Pin=C19-2
Added Pin To Net: NetName=+3.3v_E Pin=C20-1
Added Pin To Net: NetName=AGND Pin=C20-2
Added Pin To Net: NetName=+3.3v_E Pin=C21-1
Added Pin To Net: NetName=AGND Pin=C21-2
Added Pin To Net: NetName=+3.3v_E Pin=C22-1
Added Pin To Net: NetName=AGND Pin=C23-1
Added Pin To Net: NetName=+3.3v_E Pin=C23-2
Added Pin To Net: NetName=+3.3v_E Pin=C24-1
Added Pin To Net: NetName=AGND Pin=C24-2
Added Pin To Net: NetName=AGND Pin=C25-2
Added Pin To Net: NetName=AGND Pin=C26-2
Added Pin To Net: NetName=+3.3v_E Pin=C27-1
Added Pin To Net: NetName=AGND Pin=C27-2
Added Pin To Net: NetName=AGND Pin=C29-1
Added Pin To Net: NetName=+3.3v Pin=D2-1
Added Pin To Net: NetName=+3.3v_E Pin=IC2-1
Added Pin To Net: NetName=NetC28_2 Pin=IC2-4
Added Pin To Net: NetName=+3.3v_E Pin=IC2-9
Added Pin To Net: NetName=+3.3v_E Pin=IC2-19
Added Pin To Net: NetName=AGND Pin=IC2-25
Added Pin To Net: NetName=+3.3v_E Pin=J1-4
Added Pin To Net: NetName=+3.3v_E Pin=J1-5
Added Pin To Net: NetName=AGND Pin=R5-2
Added Pin To Net: NetName=NetR7_1 Pin=R7-1
Added Pin To Net: NetName=NetR9_1 Pin=R9-1
Added Pin To Net: NetName=+3.3v_E Pin=R14-2
Added Pin To Net: NetName=+3.3v_E Pin=R16-2
Added Pin To Net: NetName=+3.3v_E Pin=R17-2
Added Pin To Net: NetName=AGND Pin=R20-1
Added Pin To Net: NetName=AGND Pin=R22-2
Added Pin To Net: NetName=AGND Pin=R23-1
Added Pin To Net: NetName=NetJ1_10 Pin=R23-2
Added Pin To Net: NetName=AGND Pin=R25-1
Added Pin To Net: NetName=NetJ1_11 Pin=R25-2
Added Pin To Net: NetName=AGND Pin=R26-1
Added Pin To Net: NetName=AGND Pin=R27-1
Added Pin To Net: NetName=NetR7_1 Pin=U1-8
Added Pin To Net: NetName=NetR9_1 Pin=U1-9
Added Pin To Net: NetName=AGND Pin=U1-10
Added Pin To Net: NetName=+3.3v Pin=U1-11
Added Pin To Net: NetName=RESET Pin=U1-14
Added Pin To Net: NetName=+3.3v Pin=U1-19
Added Pin To Net: NetName=AGND Pin=U1-20
Added Pin To Net: NetName=+3.3v Pin=U1-21
Added Pin To Net: NetName=+3.3v Pin=U1-22
Added Pin To Net: NetName=AGND Pin=U1-27
Added Pin To Net: NetName=+3.3v Pin=U1-28
Added Pin To Net: NetName=NetC18_2 Pin=U1-49
Added Pin To Net: NetName=+3.3v Pin=U1-50
Added Pin To Net: NetName=AGND Pin=U1-74
Added Pin To Net: NetName=+3.3v Pin=U1-75
Added Pin To Net: NetName=NetIC1_1 Pin=U1-77
Added Pin To Net: NetName=NetIC1_6 Pin=U1-78
Added Pin To Net: NetName=NetIC1_2 Pin=U1-79
Added Pin To Net: NetName=NetIC1_5 Pin=U1-80
Added Pin To Net: NetName=NetIC1_3 Pin=U1-81
Added Pin To Net: NetName=NetIC1_7 Pin=U1-82
Added Pin To Net: NetName=AGND Pin=U1-99
Added Pin To Net: NetName=+3.3v Pin=U1-100
Added Pin To Net: NetName=+3.3v Pin=XP1-1
Added Pin To Net: NetName=AGND Pin=XP1-3
Added Pin To Net: NetName=+3.3v Pin=XP2-1
Added Pin To Net: NetName=AGND Pin=XP2-3
Change Net Name : Old Net Name=AGND New Net Name=GND
Change Net Name : Old Net Name=NetC5_2 New Net Name=NetC17_2
Change Net Name : Old Net Name=NetR23_1 New Net Name=NetR1_1
Added Pin To Net: NetName=Eth_NRST Pin=IC2-15
Added Pin To Net: NetName=Eth_NRST Pin=U1-23
Added Net: Name=Eth_NRST
Added Pin To Net: NetName=NetC7_1 Pin=C7-1
Added Pin To Net: NetName=NetC7_1 Pin=U1-73
Added Net: Name=NetC7_1
Added Pin To Net: NetName=NetC8_2 Pin=C8-2
Added Pin To Net: NetName=NetC8_2 Pin=U1-12
Added Pin To Net: NetName=NetC8_2 Pin=X2-3
Added Net: Name=NetC8_2
Added Pin To Net: NetName=NetC10_2 Pin=C10-2
Added Pin To Net: NetName=NetC10_2 Pin=U1-13
Added Pin To Net: NetName=NetC10_2 Pin=X2-1
Added Net: Name=NetC10_2
Added Pin To Net: NetName=NetC25_1 Pin=C25-1
Added Pin To Net: NetName=NetC25_1 Pin=C26-1
Added Pin To Net: NetName=NetC25_1 Pin=IC2-6
Added Net: Name=NetC25_1
Added Pin To Net: NetName=NetC29_2 Pin=C29-2
Added Pin To Net: NetName=NetC29_2 Pin=IC2-5
Added Pin To Net: NetName=NetC29_2 Pin=X3-1
Added Net: Name=NetC29_2
Added Pin To Net: NetName=NetD2_2 Pin=D2-2
Added Pin To Net: NetName=NetD2_2 Pin=R9-2
Added Net: Name=NetD2_2
Added Pin To Net: NetName=NetD2_3 Pin=D2-3
Added Pin To Net: NetName=NetD2_3 Pin=R6-2
Added Net: Name=NetD2_3
Added Pin To Net: NetName=NetD2_4 Pin=D2-4
Added Pin To Net: NetName=NetD2_4 Pin=R7-2
Added Net: Name=NetD2_4
Added Pin To Net: NetName=NetIC2_2 Pin=IC2-2
Added Pin To Net: NetName=NetIC2_2 Pin=J1-12
Added Pin To Net: NetName=NetIC2_2 Pin=R27-2
Added Net: Name=NetIC2_2
Added Pin To Net: NetName=NetIC2_3 Pin=IC2-3
Added Pin To Net: NetName=NetIC2_3 Pin=J1-9
Added Pin To Net: NetName=NetIC2_3 Pin=R26-2
Added Net: Name=NetIC2_3
Added Pin To Net: NetName=NetIC2_7 Pin=IC2-7
Added Pin To Net: NetName=NetIC2_7 Pin=R19-2
Added Net: Name=NetIC2_7
Added Pin To Net: NetName=NetIC2_8 Pin=IC2-8
Added Pin To Net: NetName=NetIC2_8 Pin=R18-2
Added Net: Name=NetIC2_8
Added Pin To Net: NetName=NetIC2_10 Pin=IC2-10
Added Pin To Net: NetName=NetIC2_10 Pin=R20-2
Added Net: Name=NetIC2_10
Added Pin To Net: NetName=NetIC2_11 Pin=IC2-11
Added Pin To Net: NetName=NetIC2_11 Pin=R21-2
Added Net: Name=NetIC2_11
Added Pin To Net: NetName=NetIC2_14 Pin=IC2-14
Added Pin To Net: NetName=NetIC2_14 Pin=R24-2
Added Net: Name=NetIC2_14
Added Pin To Net: NetName=NetIC2_24 Pin=IC2-24
Added Pin To Net: NetName=NetIC2_24 Pin=R22-1
Added Net: Name=NetIC2_24
Added Pin To Net: NetName=NetR5_1 Pin=R5-1
Added Pin To Net: NetName=NetR5_1 Pin=U1-94
Added Net: Name=NetR5_1
Added Pin To Net: NetName=NetR6_1 Pin=R6-1
Added Pin To Net: NetName=NetR6_1 Pin=U1-7
Added Net: Name=NetR6_1
Added Pin To Net: NetName=NetR8_1 Pin=R8-1
Added Pin To Net: NetName=NetR8_1 Pin=XP2-2
Added Net: Name=NetR8_1
Added Pin To Net: NetName=NetR8_2 Pin=R8-2
Added Pin To Net: NetName=NetR8_2 Pin=U1-1
Added Net: Name=NetR8_2
Added Pin To Net: NetName=NetR11_1 Pin=R11-1
Added Pin To Net: NetName=NetR11_1 Pin=U1-26
Added Net: Name=NetR11_1
Added Pin To Net: NetName=NetR13_1 Pin=R13-1
Added Pin To Net: NetName=NetR13_1 Pin=U1-29
Added Net: Name=NetR13_1
Added Pin To Net: NetName=NetU1_6 Pin=U1-6
Added Pin To Net: NetName=NetU1_6 Pin=XP1-2
Added Net: Name=NetU1_6
Added Pin To Net: NetName=NetU1_72 Pin=U1-72
Added Pin To Net: NetName=NetU1_72 Pin=X1-2
Added Net: Name=NetU1_72
Added Pin To Net: NetName=NetU1_76 Pin=U1-76
Added Pin To Net: NetName=NetU1_76 Pin=X1-4
Added Net: Name=NetU1_76
Added Pin To Net: NetName=P1_RX_N Pin=IC2-22
Added Pin To Net: NetName=P1_RX_N Pin=J1-6
Added Pin To Net: NetName=P1_RX_N Pin=R14-1
Added Net: Name=P1_RX_N
Added Pin To Net: NetName=P1_RX_P Pin=IC2-23
Added Pin To Net: NetName=P1_RX_P Pin=J1-3
Added Pin To Net: NetName=P1_RX_P Pin=R15-1
Added Net: Name=P1_RX_P
Added Pin To Net: NetName=P1_TX_N Pin=IC2-20
Added Pin To Net: NetName=P1_TX_N Pin=J1-2
Added Pin To Net: NetName=P1_TX_N Pin=R16-1
Added Net: Name=P1_TX_N
Added Pin To Net: NetName=P1_TX_P Pin=IC2-21
Added Pin To Net: NetName=P1_TX_P Pin=J1-1
Added Pin To Net: NetName=P1_TX_P Pin=R17-1
Added Net: Name=P1_TX_P
Added Pin To Net: NetName=RMII_CRS_DV Pin=R21-1
Added Pin To Net: NetName=RMII_CRS_DV Pin=U1-32
Added Net: Name=RMII_CRS_DV
Added Pin To Net: NetName=RMII_MDC Pin=IC2-13
Added Pin To Net: NetName=RMII_MDC Pin=U1-16
Added Net: Name=RMII_MDC
Added Pin To Net: NetName=RMII_MDIO Pin=IC2-12
Added Pin To Net: NetName=RMII_MDIO Pin=U1-25
Added Net: Name=RMII_MDIO
Added Pin To Net: NetName=RMII_REF_CLK Pin=R24-1
Added Pin To Net: NetName=RMII_REF_CLK Pin=U1-24
Added Net: Name=RMII_REF_CLK
Added Pin To Net: NetName=RMII_RXD0 Pin=R18-1
Added Pin To Net: NetName=RMII_RXD0 Pin=U1-33
Added Net: Name=RMII_RXD0
Added Pin To Net: NetName=RMII_RXD1 Pin=R19-1
Added Pin To Net: NetName=RMII_RXD1 Pin=U1-34
Added Net: Name=RMII_RXD1
Added Pin To Net: NetName=RMII_TX_EN Pin=IC2-16
Added Pin To Net: NetName=RMII_TX_EN Pin=U1-48
Added Net: Name=RMII_TX_EN
Added Pin To Net: NetName=RMII_TXD0 Pin=IC2-17
Added Pin To Net: NetName=RMII_TXD0 Pin=U1-51
Added Net: Name=RMII_TXD0
Added Pin To Net: NetName=RMII_TXD1 Pin=IC2-18
Added Pin To Net: NetName=RMII_TXD1 Pin=U1-52
Added Net: Name=RMII_TXD1
Added Differential Pair: Name=P1_RX
Added Differential Pair: Name=P1_TX
Added Member To Class: ClassName=GP2Y_v3_eth Member=Component 2 ADP122AUJZ-3.3-R7
Added Member To Class: ClassName=GP2Y_v3_eth Member=Component C15 0.1uF
Added Member To Class: ClassName=GP2Y_v3_eth Member=Component C16 0.1uF
Added Member To Class: ClassName=GP2Y_v3_eth Member=Component C19 Cap T
Added Member To Class: ClassName=GP2Y_v3_eth Member=Component C29 0603 18 п‘
Added Member To Class: ClassName=GP2Y_v3_eth Member=Component D2 150141M173100
Added Member To Class: ClassName=GP2Y_v3_eth Member=Component IC2 LAN8742A-CZ-TR
Added Member To Class: ClassName=GP2Y_v3_eth Member=Component R23 0603 220 ќм
Added Member To Class: ClassName=GP2Y_v3_eth Member=Component R24 0603 33R
Added Member To Class: ClassName=GP2Y_v3_eth Member=Component R25 0603 220 ќм
Added Member To Class: ClassName=GP2Y_v3_eth Member=Component R26 0603 1.5K
Added Member To Class: ClassName=GP2Y_v3_eth Member=Component R27 0603 1.5K
Added Member To Class: ClassName=GP2Y_v3_eth Member=Component U1 STM32F303V
Added Member To Class: ClassName=GP2Y_v3_eth Member=Component VD1 one color
Added Member To Class: ClassName=GP2Y_v3_eth Member=Component X2 12Mhz
Added Member To Class: ClassName=GP2Y_v3_eth Member=Component X3 25Mhz
Added Member To Class: ClassName=GP2Y_v3_eth Member=Component XP1 Battery
Added Member To Class: ClassName=GP2Y_v3_eth Member=Component XP2 reset setings
Added Room: Name=GP2Y_v3_eth
