Change Value of Parameter Value in Part R1 Old=10K New=0603 10K
Change Value of Parameter Value in Part R3 Old= New=0603 3K
Change Value of Parameter Value in Part R4 Old= New=0603 1K
Change Value of Parameter Value in Part R5 Old= New=0603 510R
Change Value of Parameter Value in Part R6 Old= New=0603 1.5K  
Change Value of Parameter Value in Part R7 Old= New=0603 1.5K
Change Value of Parameter Value in Part R8 Old= New=0603 510R
Change Value of Parameter Value in Part R9 Old= New=0603 1.5K
Change Value of Parameter Value in Part R10 Old= New=0603 10K
Change Value of Parameter Value in Part R11 Old= New=0603 0
Change Value of Parameter Value in Part R12 Old= New=0603 10K
Change Value of Parameter Value in Part R13 Old= New=0603 0
Change Value of Parameter Value in Part R20 Old=10k New=0603 10K
Change Value of Parameter Value in Part R22 Old=12.1k New=0603 12.1k
Change Value of Parameter Value in Part R23 Old=220  New=0603 220 
Change Value of Parameter Value in Part R25 Old=220  New=0603 220 
Change Value of Parameter Value in Part R26 Old=1,5k New=0603 1.5K
Change Value of Parameter Value in Part R27 Old=1,5k New=0603 1.5K
Change Value of Parameter Value in Part U1 Old= New=STM32F407VE
Change Value of Parameter Value in Part VD1 Old={Value} New=0805
