Removed Pin From Net: NetName=+3.3v Pin=C1-2
Removed Pin From Net: NetName=+3.3v Pin=C2-1
Removed Pin From Net: NetName=+3.3v Pin=FL1-2
Removed Pin From Net: NetName=+3.3v Pin=R1-2
Removed Pin From Net: NetName=+3.3v Pin=R2-2
Removed Pin From Net: NetName=+3.3v Pin=R15-2
Removed Pin From Net: NetName=+3.3v Pin=U1-23
Removed Pin From Net: NetName=+3.3v Pin=U1-28
Removed Pin From Net: NetName=+3.3v Pin=U1-38
Removed Pin From Net: NetName=+3.3v Pin=U1-39
Removed Pin From Net: NetName=+3.3v Pin=U1-40
Removed Pin From Net: NetName=+3.3v Pin=U1-41
Removed Pin From Net: NetName=+3.3v Pin=U1-42
Removed Pin From Net: NetName=+3.3v Pin=U1-43
Removed Pin From Net: NetName=+3.3v Pin=U1-44
Removed Pin From Net: NetName=+3.3v Pin=U1-45
Change Component Footprint: Designator=C4 Old Footprint=TECAP B New Footprint=TECAP A
Added Pin To Net: NetName=+3.3v_E Pin=C1-2
Added Pin To Net: NetName=+3.3v_E Pin=C2-1
Added Pin To Net: NetName=+3.3v_E Pin=FL1-2
Added Pin To Net: NetName=+3.3v_E Pin=R1-2
Added Pin To Net: NetName=+3.3v_E Pin=R2-2
Added Pin To Net: NetName=+3.3v_E Pin=R15-2
Added Pin To Net: NetName=+3.3v_E Pin=U1-23
Added Pin To Net: NetName=+3.3v_E Pin=U1-28
Added Pin To Net: NetName=+3.3v_E Pin=U1-38
Added Pin To Net: NetName=+3.3v_E Pin=U1-39
Added Pin To Net: NetName=+3.3v_E Pin=U1-40
Added Pin To Net: NetName=+3.3v_E Pin=U1-41
Added Pin To Net: NetName=+3.3v_E Pin=U1-42
Added Pin To Net: NetName=+3.3v_E Pin=U1-43
Added Pin To Net: NetName=+3.3v_E Pin=U1-44
Added Pin To Net: NetName=+3.3v_E Pin=U1-45
Added Net: Name=+3.3v_E
Added Member To Class: ClassName=GP2Y_v3_eth Member=Component  ADP122AUJZ-3.3-R7
Added Member To Class: ClassName=GP2Y_v3_eth Member=Component U1 W5500
Added Member To Class: ClassName=GP2Y_v3_eth Member=Component X2 25Mhz
Added Member To Class: ClassName=GP2Y_v3_eth Member=Component X3 12Mhz
