Added Parameter Tolerance= to Part 1
Added Parameter Tolerance= to Part 2
Added Parameter Tolerance= to Part C1
Added Parameter Tolerance= to Part C2
Added Parameter Tolerance= to Part C3
Added Parameter Tolerance= to Part C4
Added Parameter Tolerance= to Part C5
Added Parameter Tolerance= to Part C6
Added Parameter Tolerance= to Part C7
Added Parameter Tolerance= to Part C8
Added Parameter Tolerance= to Part C9
Added Parameter Tolerance= to Part C10
Added Parameter Tolerance= to Part C11
Added Parameter Tolerance= to Part C12
Added Parameter Tolerance= to Part C13
Added Parameter Tolerance= to Part C14
Added Parameter Tolerance= to Part C15
Added Parameter Tolerance= to Part C16
Added Parameter Tolerance= to Part C17
Added Parameter Tolerance= to Part C18
Added Parameter Tolerance= to Part C19
Added Parameter Tolerance= to Part C20
Added Parameter Tolerance= to Part C21
Added Parameter Tolerance= to Part C22
Added Parameter Tolerance= to Part C23
Added Parameter Tolerance= to Part C24
Added Parameter Tolerance= to Part C25
Added Parameter Tolerance= to Part C26
Added Parameter Tolerance= to Part C27
Added Parameter Tolerance= to Part C28
Added Parameter Tolerance= to Part C29
Added Parameter Tolerance= to Part C30
Added Parameter Tolerance= to Part C31
Added Parameter Tolerance= to Part D1
Added Parameter Tolerance= to Part D2
Added Parameter Tolerance= to Part DD1
Added Parameter Tolerance= to Part DG1
Added Parameter Tolerance= to Part DG2
Added Parameter Tolerance= to Part DG3
Added Parameter Tolerance= to Part H1
Added Parameter Tolerance= to Part H2
Added Parameter Tolerance= to Part H3
Added Parameter Tolerance= to Part H4
Added Parameter Tolerance= to Part IC1
Added Parameter Tolerance= to Part IC2
Added Parameter Tolerance= to Part J1
Added Parameter Tolerance= to Part L1
Added Parameter Tolerance= to Part Q1
Added Parameter Tolerance= to Part Q2
Added Parameter Tolerance= to Part R1
Added Parameter Tolerance= to Part R2
Added Parameter Tolerance= to Part R3
Added Parameter Tolerance= to Part R4
Added Parameter Tolerance= to Part R5
Added Parameter Tolerance= to Part R6
Added Parameter Tolerance= to Part R7
Added Parameter Tolerance= to Part R8
Added Parameter Tolerance= to Part R9
Added Parameter Tolerance= to Part R10
Added Parameter Tolerance= to Part R11
Added Parameter Tolerance= to Part R12
Added Parameter Tolerance= to Part R13
Added Parameter Tolerance= to Part R14
Added Parameter Tolerance= to Part R15
Added Parameter Tolerance= to Part R16
Added Parameter Tolerance= to Part R17
Added Parameter Tolerance= to Part R18
Added Parameter Tolerance= to Part R19
Added Parameter Tolerance= to Part R20
Added Parameter Tolerance= to Part R21
Added Parameter Tolerance= to Part R22
Added Parameter Tolerance= to Part R24
Added Parameter Tolerance= to Part R26
Added Parameter Tolerance= to Part R27
Added Parameter Tolerance= to Part R28
Added Parameter Tolerance= to Part R29
Added Parameter Tolerance= to Part R30
Added Parameter Tolerance= to Part R31
Added Parameter Tolerance= to Part R32
Added Parameter Tolerance= to Part R33
Added Parameter Tolerance= to Part R34
Added Parameter Tolerance= to Part R35
Added Parameter Tolerance= to Part R36
Added Parameter Tolerance= to Part R37
Added Parameter Tolerance= to Part R38
Added Parameter Tolerance= to Part R39
Added Parameter Tolerance= to Part R40
Added Parameter Tolerance= to Part R41
Added Parameter Tolerance= to Part R42
Added Parameter Tolerance= to Part R43
Added Parameter Tolerance= to Part R44
Added Parameter Tolerance= to Part U1
Added Parameter Tolerance= to Part VD1
Added Parameter Tolerance= to Part VT1
Added Parameter Tolerance= to Part VT2
Added Parameter Tolerance= to Part X1
Added Parameter Tolerance= to Part X2
Added Parameter Tolerance= to Part X3
Added Parameter Tolerance= to Part XP1
Added Parameter Tolerance= to Part XP2
