Added Parameter Body= to Part 1
Added Parameter Body= to Part 2
Added Parameter Body= to Part C1
Added Parameter Body= to Part C2
Added Parameter Body= to Part C3
Added Parameter Body= to Part C4
Added Parameter Body= to Part C5
Added Parameter Body= to Part C6
Added Parameter Body= to Part C7
Added Parameter Body= to Part C8
Added Parameter Body= to Part C9
Added Parameter Body= to Part C10
Added Parameter Body= to Part C11
Added Parameter Body= to Part C12
Added Parameter Body= to Part C13
Added Parameter Body= to Part C14
Added Parameter Body= to Part C15
Added Parameter Body= to Part C16
Added Parameter Body= to Part C17
Added Parameter Body= to Part C18
Added Parameter Body= to Part C19
Added Parameter Body= to Part C20
Added Parameter Body= to Part C21
Added Parameter Body= to Part C22
Added Parameter Body= to Part C23
Added Parameter Body= to Part C24
Added Parameter Body= to Part C25
Added Parameter Body= to Part C26
Added Parameter Body= to Part C27
Added Parameter Body= to Part C28
Added Parameter Body= to Part C29
Added Parameter Body= to Part C30
Added Parameter Body= to Part C31
Added Parameter Body= to Part D1
Added Parameter Body= to Part D2
Added Parameter Body= to Part DD1
Added Parameter Body= to Part DG1
Added Parameter Body= to Part DG2
Added Parameter Body= to Part DG3
Added Parameter Body= to Part H1
Added Parameter Body= to Part H2
Added Parameter Body= to Part H3
Added Parameter Body= to Part H4
Added Parameter Body= to Part IC1
Added Parameter Body= to Part IC2
Added Parameter Body= to Part J1
Added Parameter Body= to Part L1
Added Parameter Body= to Part Q1
Added Parameter Body= to Part Q2
Added Parameter Body= to Part R3
Added Parameter Body= to Part R4
Added Parameter Body= to Part R5
Added Parameter Body= to Part R6
Added Parameter Body= to Part R7
Added Parameter Body= to Part R8
Added Parameter Body= to Part R9
Added Parameter Body= to Part R10
Added Parameter Body= to Part R12
Added Parameter Body= to Part R23
Added Parameter Body= to Part R25
Added Parameter Body= to Part U1
Added Parameter Body= to Part VT1
Added Parameter Body= to Part VT2
Added Parameter Body= to Part X1
Added Parameter Body= to Part X2
Added Parameter Body= to Part X3
Added Parameter Body= to Part XP1
Added Parameter Body= to Part XP2
Added Parameter Package= to Part C1
Added Parameter Package= to Part C2
Added Parameter Package= to Part C3
Added Parameter Package= to Part C4
Added Parameter Package= to Part C5
Added Parameter Package= to Part C6
Added Parameter Package= to Part C7
Added Parameter Package= to Part C8
Added Parameter Package= to Part C9
Added Parameter Package= to Part C10
Added Parameter Package= to Part C11
Added Parameter Package= to Part C12
Added Parameter Package= to Part C13
Added Parameter Package= to Part C14
Added Parameter Package= to Part C15
Added Parameter Package= to Part C16
Added Parameter Package= to Part C17
Added Parameter Package= to Part C18
Added Parameter Package= to Part C19
Added Parameter Package= to Part C20
Added Parameter Package= to Part C21
Added Parameter Package= to Part C22
Added Parameter Package= to Part C23
Added Parameter Package= to Part C24
Added Parameter Package= to Part C25
Added Parameter Package= to Part C26
Added Parameter Package= to Part C27
Added Parameter Package= to Part C28
Added Parameter Package= to Part C29
Added Parameter Package= to Part C30
Added Parameter Package= to Part C31
Added Parameter Package= to Part DD1
Added Parameter Package= to Part DG1
Added Parameter Package= to Part DG2
Added Parameter Package= to Part DG3
Added Parameter Package= to Part H1
Added Parameter Package= to Part H2
Added Parameter Package= to Part H3
Added Parameter Package= to Part H4
Added Parameter Package= to Part IC1
Added Parameter Package= to Part IC2
Added Parameter Package= to Part Q1
Added Parameter Package= to Part Q2
Added Parameter Package= to Part R1
Added Parameter Package= to Part R2
Added Parameter Package= to Part R3
Added Parameter Package= to Part R4
Added Parameter Package= to Part R5
Added Parameter Package= to Part R6
Added Parameter Package= to Part R7
Added Parameter Package= to Part R8
Added Parameter Package= to Part R9
Added Parameter Package= to Part R10
Added Parameter Package= to Part R11
Added Parameter Package= to Part R12
Added Parameter Package= to Part R13
Added Parameter Package= to Part R14
Added Parameter Package= to Part R15
Added Parameter Package= to Part R16
Added Parameter Package= to Part R17
Added Parameter Package= to Part R18
Added Parameter Package= to Part R19
Added Parameter Package= to Part R20
Added Parameter Package= to Part R21
Added Parameter Package= to Part R22
Added Parameter Package= to Part R23
Added Parameter Package= to Part R24
Added Parameter Package= to Part R25
Added Parameter Package= to Part R26
Added Parameter Package= to Part R27
Added Parameter Package= to Part R28
Added Parameter Package= to Part R29
Added Parameter Package= to Part R30
Added Parameter Package= to Part R31
Added Parameter Package= to Part R32
Added Parameter Package= to Part R33
Added Parameter Package= to Part R34
Added Parameter Package= to Part R35
Added Parameter Package= to Part R36
Added Parameter Package= to Part R37
Added Parameter Package= to Part R38
Added Parameter Package= to Part R39
Added Parameter Package= to Part R40
Added Parameter Package= to Part R41
Added Parameter Package= to Part R42
Added Parameter Package= to Part R43
Added Parameter Package= to Part R44
Added Parameter Package= to Part VD1
Added Parameter Package= to Part VT1
Added Parameter Package= to Part VT2
Added Parameter Package= to Part X1
Added Parameter Package= to Part X2
Added Parameter Package= to Part X3
Added Parameter Package= to Part XP1
Added Parameter Package= to Part XP2
