Added Component: Designator=1(TSOT23-5L)
Add component (AddParameter): Name = "Availability"; Value = "Unavailable"; VariantName = "[No Variations]"
Add component (AddParameter): Name = "MF"; Value = "Analog Devices"; VariantName = "[No Variations]"
Add component (AddParameter): Name = "MP"; Value = "ADP122AUJZ-3.3-R7"; VariantName = "[No Variations]"
Add component (AddParameter): Name = "Package"; Value = "TSOT-5 Analog Devices"; VariantName = "[No Variations]"
Add component (AddParameter): Name = "Price"; Value = "None"; VariantName = "[No Variations]"
Add component (AddParameter): Name = "SnapEDA_Link"; Value = "https://www.snapeda.com/parts/ADP122AUJZ-3.3-R7/Analog%20Devices%20Inc./view-part/231148/?ref=snap"; VariantName = "[No Variations]"
Add component (AddParameter): Name = "Value"; Value = "ADP122AUJZ-3.3-R7"; VariantName = "[No Variations]"
Added Component: Designator=2(TSOT23-5L)
Add component (AddParameter): Name = "Availability"; Value = "Unavailable"; VariantName = "[No Variations]"
Add component (AddParameter): Name = "MF"; Value = "Analog Devices"; VariantName = "[No Variations]"
Add component (AddParameter): Name = "MP"; Value = "ADP122AUJZ-3.3-R7"; VariantName = "[No Variations]"
Add component (AddParameter): Name = "Package"; Value = "TSOT-5 Analog Devices"; VariantName = "[No Variations]"
Add component (AddParameter): Name = "Price"; Value = "None"; VariantName = "[No Variations]"
Add component (AddParameter): Name = "SnapEDA_Link"; Value = "https://www.snapeda.com/parts/ADP122AUJZ-3.3-R7/Analog%20Devices%20Inc./view-part/231148/?ref=snap"; VariantName = "[No Variations]"
Add component (AddParameter): Name = "Value"; Value = "ADP122AUJZ-3.3-R7"; VariantName = "[No Variations]"
Added Component: Designator=C4(CAPACITOR 0603)
Add component (AddParameter): Name = "Value"; Value = "0603 0.1uF"; VariantName = "[No Variations]"
Added Component: Designator=C5(CAPACITOR 0603)
Add component (AddParameter): Name = "Value"; Value = "0603 0.1uF"; VariantName = "[No Variations]"
Added Component: Designator=C6(CAPACITOR 0603)
Add component (AddParameter): Name = "Value"; Value = "0603 0.1uF  "; VariantName = "[No Variations]"
Added Component: Designator=C7(CAPACITOR 0805)
Add component (AddParameter): Name = "Value"; Value = "0805 2.2uF"; VariantName = "[No Variations]"
Added Component: Designator=C8(CAPCHIP0603)
Add component (AddParameter): Name = "Type"; Value = "0603"; VariantName = "[No Variations]"
Add component (AddParameter): Name = "Value"; Value = "0603 18 п‘"; VariantName = "[No Variations]"
Added Component: Designator=C9(CAPACITOR 0603)
Add component (AddParameter): Name = "Value"; Value = "0603 0.1uF"; VariantName = "[No Variations]"
Added Component: Designator=C10(CAPCHIP0603)
Add component (AddParameter): Name = "Type"; Value = "0603"; VariantName = "[No Variations]"
Add component (AddParameter): Name = "Value"; Value = "0603 18 п‘"; VariantName = "[No Variations]"
Added Component: Designator=C11(CAPACITOR 0603)
Add component (AddParameter): Name = "Value"; Value = "0603 0.1uF"; VariantName = "[No Variations]"
Added Component: Designator=C12(CAPACITOR 0603)
Add component (AddParameter): Name = "Value"; Value = "0603 0.1uF  "; VariantName = "[No Variations]"
Added Component: Designator=C13(CAPACITOR 0603)
Add component (AddParameter): Name = "Value"; Value = "0603 0.1uF"; VariantName = "[No Variations]"
Added Component: Designator=C14(CAPACITOR 0603)
Add component (AddParameter): Name = "Value"; Value = "0603 0.1uF"; VariantName = "[No Variations]"
Added Component: Designator=C15(CAPACITOR 0603)
Add component (AddParameter): Name = "Value"; Value = "0603 0.1uF"; VariantName = "[No Variations]"
Added Component: Designator=C16(CAPACITOR 0603)
Add component (AddParameter): Name = "Value"; Value = "0603 0.1uF"; VariantName = "[No Variations]"
Added Component: Designator=C17(CAPACITOR 0603)
Add component (AddParameter): Name = "Value"; Value = "0603 0.1uF"; VariantName = "[No Variations]"
Added Component: Designator=C18(CAPACITOR 0805)
Add component (AddParameter): Name = "Value"; Value = "0805 2.2uF"; VariantName = "[No Variations]"
Added Component: Designator=C19(TECAP B)
Add component (AddParameter): Name = "Type"; Value = "Type"; VariantName = "[No Variations]"
Add component (AddParameter): Name = "Value"; Value = "TECAP B 10u 16V"; VariantName = "[No Variations]"
Add component (AddParameter): Name = "Voltage"; Value = "6v"; VariantName = "[No Variations]"
Added Component: Designator=C20(CAPCHIP0603)
Add component (AddParameter): Name = "Type"; Value = "0603"; VariantName = "[No Variations]"
Add component (AddParameter): Name = "Value"; Value = "0603 0.1uF"; VariantName = "[No Variations]"
Added Component: Designator=C21(CAPCHIP0603)
Add component (AddParameter): Name = "Type"; Value = "0603"; VariantName = "[No Variations]"
Add component (AddParameter): Name = "Value"; Value = "0603 0.1uF"; VariantName = "[No Variations]"
Added Component: Designator=C22(CAPACITOR 0603)
Add component (AddParameter): Name = "Value"; Value = "0603 0.1uF  "; VariantName = "[No Variations]"
Added Component: Designator=C23(CAPACITOR 0603)
Add component (AddParameter): Name = "Value"; Value = "0603 0.1uF"; VariantName = "[No Variations]"
Added Component: Designator=C24(CAPACITOR 0603)
Add component (AddParameter): Name = "Value"; Value = "0603 0.1uF  "; VariantName = "[No Variations]"
Added Component: Designator=C25(CAPACITOR 0603)
Add component (AddParameter): Name = "Value"; Value = "0603 0.1uF"; VariantName = "[No Variations]"
Added Component: Designator=C26(CAPACITOR 0603)
Add component (AddParameter): Name = "Value"; Value = "0603 1uF"; VariantName = "[No Variations]"
Added Component: Designator=C27(TECAP B)
Add component (AddParameter): Name = "Type"; Value = "TECAP B"; VariantName = "[No Variations]"
Add component (AddParameter): Name = "Value"; Value = "TECAP B 10u 16V"; VariantName = "[No Variations]"
Add component (AddParameter): Name = "Voltage"; Value = "16V"; VariantName = "[No Variations]"
Added Component: Designator=C28(CAPCHIP0603)
Add component (AddParameter): Name = "Type"; Value = "0603"; VariantName = "[No Variations]"
Add component (AddParameter): Name = "Value"; Value = "0603 18 п‘"; VariantName = "[No Variations]"
Added Component: Designator=C29(CAPCHIP0603)
Add component (AddParameter): Name = "Type"; Value = "0603"; VariantName = "[No Variations]"
Add component (AddParameter): Name = "Value"; Value = "0603 18 п‘"; VariantName = "[No Variations]"
Added Component: Designator=D2(LED_150141M173100)
Add component (AddParameter): Name = "Availability"; Value = "Unavailable"; VariantName = "[No Variations]"
Add component (AddParameter): Name = "MF"; Value = "Wurth Electronics"; VariantName = "[No Variations]"
Add component (AddParameter): Name = "MP"; Value = "150141M173100"; VariantName = "[No Variations]"
Add component (AddParameter): Name = "Package"; Value = "1411 WA?rth Elektronik"; VariantName = "[No Variations]"
Add component (AddParameter): Name = "Price"; Value = "None"; VariantName = "[No Variations]"
Add component (AddParameter): Name = "SnapEDA_Link"; Value = "https://www.snapeda.com/parts/150141M173100/Wurth%20Electronics%20Inc./view-part/281733/?ref=snap"; VariantName = "[No Variations]"
Add component (AddParameter): Name = "Value"; Value = "RGB"; VariantName = "[No Variations]"
Added Component: Designator=IC1(NSO8)
Add component (AddParameter): Name = "Value"; Value = "GD25Q16CTIGR"; VariantName = "[No Variations]"
Added Component: Designator=IC2(LAN8742A)
Add component (AddParameter): Name = "Value"; Value = "LAN8742A-CZ-TR"; VariantName = "[No Variations]"
Added Component: Designator=R2(RESCHIP0603)
Add component (AddParameter): Name = "Body"; Value = "{Body}"; VariantName = "[No Variations]"
Add component (AddParameter): Name = "Class"; Value = "Ёлектронные компоненты"; VariantName = "[No Variations]"
Add component (AddParameter): Name = "Installation"; Value = "{Installation}"; VariantName = "[No Variations]"
Add component (AddParameter): Name = "Ordering_Information"; Value = "{Ordering_Information}"; VariantName = "[No Variations]"
Add component (AddParameter): Name = "Pins"; Value = "2"; VariantName = "[No Variations]"
Add component (AddParameter): Name = "Power_W"; Value = "{Power_W}"; VariantName = "[No Variations]"
Add component (AddParameter): Name = "SubClass"; Value = "–езисторы"; VariantName = "[No Variations]"
Add component (AddParameter): Name = "Tolerance_Percent"; Value = "{Tolerance_Percent}"; VariantName = "[No Variations]"
Add component (AddParameter): Name = "Value"; Value = "NC 0"; VariantName = "[No Variations]"
Added Component: Designator=R5(Resistor 0603)
Add component (AddParameter): Name = "Value"; Value = "0603 510R"; VariantName = "[No Variations]"
Added Component: Designator=R6(Resistor 0603)
Add component (AddParameter): Name = "Value"; Value = "0603 1.5K  "; VariantName = "[No Variations]"
Added Component: Designator=R7(Resistor 0603)
Add component (AddParameter): Name = "Value"; Value = "0603 1.5K"; VariantName = "[No Variations]"
Added Component: Designator=R8(Resistor 0603)
Add component (AddParameter): Name = "Value"; Value = "0603 510R"; VariantName = "[No Variations]"
Added Component: Designator=R9(Resistor 0603)
Add component (AddParameter): Name = "Value"; Value = "0603 1.5K"; VariantName = "[No Variations]"
Added Component: Designator=R10(Resistor 0603)
Add component (AddParameter): Name = "Value"; Value = "0603 10K"; VariantName = "[No Variations]"
Added Component: Designator=R11(Resistor 0603)
Add component (AddParameter): Name = "Value"; Value = "0603 0"; VariantName = "[No Variations]"
Added Component: Designator=R12(Resistor 0603)
Add component (AddParameter): Name = "Value"; Value = "0603 10K"; VariantName = "[No Variations]"
Added Component: Designator=R13(Resistor 0603)
Add component (AddParameter): Name = "Value"; Value = "0603 0"; VariantName = "[No Variations]"
Added Component: Designator=R14(RESCHIP0603)
Add component (AddParameter): Name = "Body"; Value = "{Body}"; VariantName = "[No Variations]"
Add component (AddParameter): Name = "Class"; Value = "Ёлектронные компоненты"; VariantName = "[No Variations]"
Add component (AddParameter): Name = "Installation"; Value = "{Installation}"; VariantName = "[No Variations]"
Add component (AddParameter): Name = "Ordering_Information"; Value = "{Ordering_Information}"; VariantName = "[No Variations]"
Add component (AddParameter): Name = "Pins"; Value = "2"; VariantName = "[No Variations]"
Add component (AddParameter): Name = "Power_W"; Value = "{Power_W}"; VariantName = "[No Variations]"
Add component (AddParameter): Name = "SubClass"; Value = "–езисторы"; VariantName = "[No Variations]"
Add component (AddParameter): Name = "Tolerance_Percent"; Value = "{Tolerance_Percent}"; VariantName = "[No Variations]"
Add component (AddParameter): Name = "Value"; Value = "0603 50R"; VariantName = "[No Variations]"
Added Component: Designator=R15(RESCHIP0603)
Add component (AddParameter): Name = "Body"; Value = "{Body}"; VariantName = "[No Variations]"
Add component (AddParameter): Name = "Class"; Value = "Ёлектронные компоненты"; VariantName = "[No Variations]"
Add component (AddParameter): Name = "Installation"; Value = "{Installation}"; VariantName = "[No Variations]"
Add component (AddParameter): Name = "Ordering_Information"; Value = "{Ordering_Information}"; VariantName = "[No Variations]"
Add component (AddParameter): Name = "Pins"; Value = "2"; VariantName = "[No Variations]"
Add component (AddParameter): Name = "Power_W"; Value = "{Power_W}"; VariantName = "[No Variations]"
Add component (AddParameter): Name = "SubClass"; Value = "–езисторы"; VariantName = "[No Variations]"
Add component (AddParameter): Name = "Tolerance_Percent"; Value = "{Tolerance_Percent}"; VariantName = "[No Variations]"
Add component (AddParameter): Name = "Value"; Value = "0603 50R"; VariantName = "[No Variations]"
Added Component: Designator=R16(RESCHIP0603)
Add component (AddParameter): Name = "Body"; Value = "{Body}"; VariantName = "[No Variations]"
Add component (AddParameter): Name = "Class"; Value = "Ёлектронные компоненты"; VariantName = "[No Variations]"
Add component (AddParameter): Name = "Installation"; Value = "{Installation}"; VariantName = "[No Variations]"
Add component (AddParameter): Name = "Ordering_Information"; Value = "{Ordering_Information}"; VariantName = "[No Variations]"
Add component (AddParameter): Name = "Pins"; Value = "2"; VariantName = "[No Variations]"
Add component (AddParameter): Name = "Power_W"; Value = "{Power_W}"; VariantName = "[No Variations]"
Add component (AddParameter): Name = "SubClass"; Value = "–езисторы"; VariantName = "[No Variations]"
Add component (AddParameter): Name = "Tolerance_Percent"; Value = "{Tolerance_Percent}"; VariantName = "[No Variations]"
Add component (AddParameter): Name = "Value"; Value = "0603 50R"; VariantName = "[No Variations]"
Added Component: Designator=R17(RESCHIP0603)
Add component (AddParameter): Name = "Body"; Value = "{Body}"; VariantName = "[No Variations]"
Add component (AddParameter): Name = "Class"; Value = "Ёлектронные компоненты"; VariantName = "[No Variations]"
Add component (AddParameter): Name = "Installation"; Value = "{Installation}"; VariantName = "[No Variations]"
Add component (AddParameter): Name = "Ordering_Information"; Value = "{Ordering_Information}"; VariantName = "[No Variations]"
Add component (AddParameter): Name = "Pins"; Value = "2"; VariantName = "[No Variations]"
Add component (AddParameter): Name = "Power_W"; Value = "{Power_W}"; VariantName = "[No Variations]"
Add component (AddParameter): Name = "SubClass"; Value = "–езисторы"; VariantName = "[No Variations]"
Add component (AddParameter): Name = "Tolerance_Percent"; Value = "{Tolerance_Percent}"; VariantName = "[No Variations]"
Add component (AddParameter): Name = "Value"; Value = "0603 50R"; VariantName = "[No Variations]"
Added Component: Designator=R18(RESCHIP0603)
Add component (AddParameter): Name = "Body"; Value = "{Body}"; VariantName = "[No Variations]"
Add component (AddParameter): Name = "Class"; Value = "Ёлектронные компоненты"; VariantName = "[No Variations]"
Add component (AddParameter): Name = "Installation"; Value = "{Installation}"; VariantName = "[No Variations]"
Add component (AddParameter): Name = "Ordering_Information"; Value = "{Ordering_Information}"; VariantName = "[No Variations]"
Add component (AddParameter): Name = "Pins"; Value = "2"; VariantName = "[No Variations]"
Add component (AddParameter): Name = "Power_W"; Value = "{Power_W}"; VariantName = "[No Variations]"
Add component (AddParameter): Name = "SubClass"; Value = "–езисторы"; VariantName = "[No Variations]"
Add component (AddParameter): Name = "Tolerance_Percent"; Value = "{Tolerance_Percent}"; VariantName = "[No Variations]"
Add component (AddParameter): Name = "Value"; Value = "0603 33R"; VariantName = "[No Variations]"
Added Component: Designator=R19(RESCHIP0603)
Add component (AddParameter): Name = "Body"; Value = "{Body}"; VariantName = "[No Variations]"
Add component (AddParameter): Name = "Class"; Value = "Ёлектронные компоненты"; VariantName = "[No Variations]"
Add component (AddParameter): Name = "Installation"; Value = "{Installation}"; VariantName = "[No Variations]"
Add component (AddParameter): Name = "Ordering_Information"; Value = "{Ordering_Information}"; VariantName = "[No Variations]"
Add component (AddParameter): Name = "Pins"; Value = "2"; VariantName = "[No Variations]"
Add component (AddParameter): Name = "Power_W"; Value = "{Power_W}"; VariantName = "[No Variations]"
Add component (AddParameter): Name = "SubClass"; Value = "–езисторы"; VariantName = "[No Variations]"
Add component (AddParameter): Name = "Tolerance_Percent"; Value = "{Tolerance_Percent}"; VariantName = "[No Variations]"
Add component (AddParameter): Name = "Value"; Value = "0603 33R"; VariantName = "[No Variations]"
Added Component: Designator=R20(RESCHIP0603)
Add component (AddParameter): Name = "Body"; Value = "{Body}"; VariantName = "[No Variations]"
Add component (AddParameter): Name = "Class"; Value = "Ёлектронные компоненты"; VariantName = "[No Variations]"
Add component (AddParameter): Name = "Installation"; Value = "{Installation}"; VariantName = "[No Variations]"
Add component (AddParameter): Name = "Ordering_Information"; Value = "{Ordering_Information}"; VariantName = "[No Variations]"
Add component (AddParameter): Name = "Pins"; Value = "2"; VariantName = "[No Variations]"
Add component (AddParameter): Name = "Power_W"; Value = "{Power_W}"; VariantName = "[No Variations]"
Add component (AddParameter): Name = "SubClass"; Value = "–езисторы"; VariantName = "[No Variations]"
Add component (AddParameter): Name = "Tolerance_Percent"; Value = "{Tolerance_Percent}"; VariantName = "[No Variations]"
Add component (AddParameter): Name = "Value"; Value = "0603 10K"; VariantName = "[No Variations]"
Added Component: Designator=R21(RESCHIP0603)
Add component (AddParameter): Name = "Body"; Value = "{Body}"; VariantName = "[No Variations]"
Add component (AddParameter): Name = "Class"; Value = "Ёлектронные компоненты"; VariantName = "[No Variations]"
Add component (AddParameter): Name = "Installation"; Value = "{Installation}"; VariantName = "[No Variations]"
Add component (AddParameter): Name = "Ordering_Information"; Value = "{Ordering_Information}"; VariantName = "[No Variations]"
Add component (AddParameter): Name = "Pins"; Value = "2"; VariantName = "[No Variations]"
Add component (AddParameter): Name = "Power_W"; Value = "{Power_W}"; VariantName = "[No Variations]"
Add component (AddParameter): Name = "SubClass"; Value = "–езисторы"; VariantName = "[No Variations]"
Add component (AddParameter): Name = "Tolerance_Percent"; Value = "{Tolerance_Percent}"; VariantName = "[No Variations]"
Add component (AddParameter): Name = "Value"; Value = "0603 33R"; VariantName = "[No Variations]"
Added Component: Designator=R22(RESCHIP0603)
Add component (AddParameter): Name = "Body"; Value = "{Body}"; VariantName = "[No Variations]"
Add component (AddParameter): Name = "Class"; Value = "Ёлектронные компоненты"; VariantName = "[No Variations]"
Add component (AddParameter): Name = "Installation"; Value = "{Installation}"; VariantName = "[No Variations]"
Add component (AddParameter): Name = "Ordering_Information"; Value = "{Ordering_Information}"; VariantName = "[No Variations]"
Add component (AddParameter): Name = "Pins"; Value = "2"; VariantName = "[No Variations]"
Add component (AddParameter): Name = "Power_W"; Value = "{Power_W}"; VariantName = "[No Variations]"
Add component (AddParameter): Name = "SubClass"; Value = "–езисторы"; VariantName = "[No Variations]"
Add component (AddParameter): Name = "Tolerance_Percent"; Value = "{Tolerance_Percent}"; VariantName = "[No Variations]"
Add component (AddParameter): Name = "Value"; Value = "0603 12.1k"; VariantName = "[No Variations]"
Added Component: Designator=R23(RESCHIP0603)
Add component (AddParameter): Name = "PWR"; Value = "Value"; VariantName = "[No Variations]"
Add component (AddParameter): Name = "Tolerance"; Value = "%"; VariantName = "[No Variations]"
Add component (AddParameter): Name = "Type"; Value = "0603"; VariantName = "[No Variations]"
Add component (AddParameter): Name = "Value"; Value = "0603 220 ќм"; VariantName = "[No Variations]"
Added Component: Designator=R24(RESCHIP0603)
Add component (AddParameter): Name = "Body"; Value = "{Body}"; VariantName = "[No Variations]"
Add component (AddParameter): Name = "Class"; Value = "Ёлектронные компоненты"; VariantName = "[No Variations]"
Add component (AddParameter): Name = "Installation"; Value = "{Installation}"; VariantName = "[No Variations]"
Add component (AddParameter): Name = "Ordering_Information"; Value = "{Ordering_Information}"; VariantName = "[No Variations]"
Add component (AddParameter): Name = "Pins"; Value = "2"; VariantName = "[No Variations]"
Add component (AddParameter): Name = "Power_W"; Value = "{Power_W}"; VariantName = "[No Variations]"
Add component (AddParameter): Name = "SubClass"; Value = "–езисторы"; VariantName = "[No Variations]"
Add component (AddParameter): Name = "Tolerance_Percent"; Value = "{Tolerance_Percent}"; VariantName = "[No Variations]"
Add component (AddParameter): Name = "Value"; Value = "0603 33R"; VariantName = "[No Variations]"
Added Component: Designator=R25(RESCHIP0603)
Add component (AddParameter): Name = "PWR"; Value = "Value"; VariantName = "[No Variations]"
Add component (AddParameter): Name = "Tolerance"; Value = "%"; VariantName = "[No Variations]"
Add component (AddParameter): Name = "Type"; Value = "0603"; VariantName = "[No Variations]"
Add component (AddParameter): Name = "Value"; Value = "0603 220 ќм"; VariantName = "[No Variations]"
Added Component: Designator=R26(RESCHIP0603)
Add component (AddParameter): Name = "Body"; Value = "{Body}"; VariantName = "[No Variations]"
Add component (AddParameter): Name = "Class"; Value = "Ёлектронные компоненты"; VariantName = "[No Variations]"
Add component (AddParameter): Name = "Installation"; Value = "{Installation}"; VariantName = "[No Variations]"
Add component (AddParameter): Name = "Ordering_Information"; Value = "{Ordering_Information}"; VariantName = "[No Variations]"
Add component (AddParameter): Name = "Pins"; Value = "2"; VariantName = "[No Variations]"
Add component (AddParameter): Name = "Power_W"; Value = "{Power_W}"; VariantName = "[No Variations]"
Add component (AddParameter): Name = "SubClass"; Value = "–езисторы"; VariantName = "[No Variations]"
Add component (AddParameter): Name = "Tolerance_Percent"; Value = "{Tolerance_Percent}"; VariantName = "[No Variations]"
Add component (AddParameter): Name = "Value"; Value = "0603 1.5K"; VariantName = "[No Variations]"
Added Component: Designator=R27(RESCHIP0603)
Add component (AddParameter): Name = "Body"; Value = "{Body}"; VariantName = "[No Variations]"
Add component (AddParameter): Name = "Class"; Value = "Ёлектронные компоненты"; VariantName = "[No Variations]"
Add component (AddParameter): Name = "Installation"; Value = "{Installation}"; VariantName = "[No Variations]"
Add component (AddParameter): Name = "Ordering_Information"; Value = "{Ordering_Information}"; VariantName = "[No Variations]"
Add component (AddParameter): Name = "Pins"; Value = "2"; VariantName = "[No Variations]"
Add component (AddParameter): Name = "Power_W"; Value = "{Power_W}"; VariantName = "[No Variations]"
Add component (AddParameter): Name = "SubClass"; Value = "–езисторы"; VariantName = "[No Variations]"
Add component (AddParameter): Name = "Tolerance_Percent"; Value = "{Tolerance_Percent}"; VariantName = "[No Variations]"
Add component (AddParameter): Name = "Value"; Value = "0603 1.5K"; VariantName = "[No Variations]"
Added Component: Designator=U1(QFP50P1600X1600X160-100N)
Add component (AddParameter): Name = "Availability"; Value = "Unavailable"; VariantName = "[No Variations]"
Add component (AddParameter): Name = "MF"; Value = "STMicroelectronics"; VariantName = "[No Variations]"
Add component (AddParameter): Name = "MP"; Value = "STM32F303V"; VariantName = "[No Variations]"
Add component (AddParameter): Name = "Package"; Value = "LQFP-100 STMicroelectronics"; VariantName = "[No Variations]"
Add component (AddParameter): Name = "Price"; Value = "None"; VariantName = "[No Variations]"
Add component (AddParameter): Name = "Value"; Value = "STM32F407VE"; VariantName = "[No Variations]"
Added Component: Designator=X2(XTAL_3.2_2.5)
Add component (AddParameter): Name = "Value"; Value = ""; VariantName = "[No Variations]"
Added Component: Designator=X3(XTAL_3.2_2.5)
Add component (AddParameter): Name = "Value"; Value = ""; VariantName = "[No Variations]"
Added Component: Designator=XP1(ZL201-3)
Add component (AddParameter): Name = "Class"; Value = "Ёлектронные компоненты"; VariantName = "[No Variations]"
Add component (AddParameter): Name = "Installation"; Value = "DIP"; VariantName = "[No Variations]"
Add component (AddParameter): Name = "Ordering_Information"; Value = "{Ordering_Information}"; VariantName = "[No Variations]"
Add component (AddParameter): Name = "Pins"; Value = "3"; VariantName = "[No Variations]"
Add component (AddParameter): Name = "Pitch_mm"; Value = "{Pitch_mm}"; VariantName = "[No Variations]"
Add component (AddParameter): Name = "SubClass"; Value = "–азъемы"; VariantName = "[No Variations]"
Add component (AddParameter): Name = "Type_of_connector"; Value = "{Type_of_connector}"; VariantName = "[No Variations]"
Add component (AddParameter): Name = "Value"; Value = "Battery"; VariantName = "[No Variations]"
Added Component: Designator=XP2(ZL201-3)
Add component (AddParameter): Name = "Class"; Value = "Ёлектронные компоненты"; VariantName = "[No Variations]"
Add component (AddParameter): Name = "Installation"; Value = "DIP"; VariantName = "[No Variations]"
Add component (AddParameter): Name = "Ordering_Information"; Value = "{Ordering_Information}"; VariantName = "[No Variations]"
Add component (AddParameter): Name = "Pins"; Value = "3"; VariantName = "[No Variations]"
Add component (AddParameter): Name = "Pitch_mm"; Value = "{Pitch_mm}"; VariantName = "[No Variations]"
Add component (AddParameter): Name = "SubClass"; Value = "–азъемы"; VariantName = "[No Variations]"
Add component (AddParameter): Name = "Type_of_connector"; Value = "{Type_of_connector}"; VariantName = "[No Variations]"
Add component (AddParameter): Name = "Value"; Value = "reset setings"; VariantName = "[No Variations]"
Added Pin To Net: NetName=+5v Pin=1-1
Added Pin To Net: NetName=GND Pin=1-2
Added Pin To Net: NetName=+5v Pin=1-3
Added Pin To Net: NetName=+3.3v Pin=1-5
Added Pin To Net: NetName=+5v Pin=2-1
Added Pin To Net: NetName=GND Pin=2-2
Added Pin To Net: NetName=+5v Pin=2-3
Added Pin To Net: NetName=+3.3v_E Pin=2-5
Added Pin To Net: NetName=+3.3v Pin=C4-1
Added Pin To Net: NetName=GND Pin=C4-2
Added Pin To Net: NetName=+3.3v Pin=C5-1
Added Pin To Net: NetName=GND Pin=C5-2
Added Pin To Net: NetName=+3.3v Pin=C6-1
Added Pin To Net: NetName=GND Pin=C6-2
Added Pin To Net: NetName=NetC7_1 Pin=C7-1
Added Pin To Net: NetName=GND Pin=C7-2
Added Pin To Net: NetName=GND Pin=C8-1
Added Pin To Net: NetName=NetC8_2 Pin=C8-2
Added Pin To Net: NetName=GND Pin=C9-1
Added Pin To Net: NetName=+3.3v Pin=C9-2
Added Pin To Net: NetName=GND Pin=C10-1
Added Pin To Net: NetName=NetC10_2 Pin=C10-2
Added Pin To Net: NetName=GND Pin=C11-1
Added Pin To Net: NetName=+3.3v Pin=C11-2
Added Pin To Net: NetName=GND Pin=C12-1
Added Pin To Net: NetName=+3.3v Pin=C12-2
Added Pin To Net: NetName=+3.3v Pin=C13-1
Added Pin To Net: NetName=GND Pin=C13-2
Added Pin To Net: NetName=+3.3v Pin=C14-1
Added Pin To Net: NetName=GND Pin=C14-2
Added Pin To Net: NetName=+3.3v_E Pin=C15-1
Added Pin To Net: NetName=GND Pin=C15-2
Added Pin To Net: NetName=+3.3v_E Pin=C16-1
Added Pin To Net: NetName=GND Pin=C16-2
Added Pin To Net: NetName=GND Pin=C17-1
Added Pin To Net: NetName=NetC17_2 Pin=C17-2
Added Pin To Net: NetName=GND Pin=C18-1
Added Pin To Net: NetName=NetC18_2 Pin=C18-2
Added Pin To Net: NetName=+3.3v_E Pin=C19-1
Added Pin To Net: NetName=GND Pin=C19-2
Added Pin To Net: NetName=+3.3v_E Pin=C20-1
Added Pin To Net: NetName=GND Pin=C20-2
Added Pin To Net: NetName=+3.3v_E Pin=C21-1
Added Pin To Net: NetName=GND Pin=C21-2
Added Pin To Net: NetName=+3.3v_E Pin=C22-1
Added Pin To Net: NetName=GND Pin=C22-2
Added Pin To Net: NetName=GND Pin=C23-1
Added Pin To Net: NetName=+3.3v_E Pin=C23-2
Added Pin To Net: NetName=+3.3v_E Pin=C24-1
Added Pin To Net: NetName=GND Pin=C24-2
Added Pin To Net: NetName=NetC25_1 Pin=C25-1
Added Pin To Net: NetName=GND Pin=C25-2
Added Pin To Net: NetName=NetC25_1 Pin=C26-1
Added Pin To Net: NetName=GND Pin=C26-2
Added Pin To Net: NetName=+3.3v_E Pin=C27-1
Added Pin To Net: NetName=GND Pin=C27-2
Added Pin To Net: NetName=GND Pin=C28-1
Added Pin To Net: NetName=NetC28_2 Pin=C28-2
Added Pin To Net: NetName=GND Pin=C29-1
Added Pin To Net: NetName=NetC29_2 Pin=C29-2
Added Pin To Net: NetName=+3.3v Pin=D2-1
Added Pin To Net: NetName=NetD2_2 Pin=D2-2
Added Pin To Net: NetName=NetD2_3 Pin=D2-3
Added Pin To Net: NetName=NetD2_4 Pin=D2-4
Added Pin To Net: NetName=NetIC1_1 Pin=IC1-1
Added Pin To Net: NetName=NetIC1_2 Pin=IC1-2
Added Pin To Net: NetName=NetIC1_3 Pin=IC1-3
Added Pin To Net: NetName=GND Pin=IC1-4
Added Pin To Net: NetName=NetIC1_5 Pin=IC1-5
Added Pin To Net: NetName=NetIC1_6 Pin=IC1-6
Added Pin To Net: NetName=NetIC1_7 Pin=IC1-7
Added Pin To Net: NetName=+3.3v Pin=IC1-8
Added Pin To Net: NetName=+3.3v_E Pin=IC2-1
Added Pin To Net: NetName=NetIC2_2 Pin=IC2-2
Added Pin To Net: NetName=NetIC2_3 Pin=IC2-3
Added Pin To Net: NetName=NetC28_2 Pin=IC2-4
Added Pin To Net: NetName=NetC29_2 Pin=IC2-5
Added Pin To Net: NetName=NetC25_1 Pin=IC2-6
Added Pin To Net: NetName=NetIC2_7 Pin=IC2-7
Added Pin To Net: NetName=NetIC2_8 Pin=IC2-8
Added Pin To Net: NetName=+3.3v_E Pin=IC2-9
Added Pin To Net: NetName=NetIC2_10 Pin=IC2-10
Added Pin To Net: NetName=NetIC2_11 Pin=IC2-11
Added Pin To Net: NetName=RMII_MDIO Pin=IC2-12
Added Pin To Net: NetName=RMII_MDC Pin=IC2-13
Added Pin To Net: NetName=NetIC2_14 Pin=IC2-14
Added Pin To Net: NetName=Eth_NRST Pin=IC2-15
Added Pin To Net: NetName=RMII_TX_EN Pin=IC2-16
Added Pin To Net: NetName=RMII_TXD0 Pin=IC2-17
Added Pin To Net: NetName=RMII_TXD1 Pin=IC2-18
Added Pin To Net: NetName=+3.3v_E Pin=IC2-19
Added Pin To Net: NetName=P1_TX_N Pin=IC2-20
Added Pin To Net: NetName=P1_TX_P Pin=IC2-21
Added Pin To Net: NetName=P1_RX_N Pin=IC2-22
Added Pin To Net: NetName=P1_RX_P Pin=IC2-23
Added Pin To Net: NetName=NetIC2_24 Pin=IC2-24
Added Pin To Net: NetName=GND Pin=IC2-25
Added Pin To Net: NetName=+3.3v Pin=R2-1
Added Pin To Net: NetName=+3.3v_E Pin=R2-2
Added Pin To Net: NetName=NetR5_1 Pin=R5-1
Added Pin To Net: NetName=GND Pin=R5-2
Added Pin To Net: NetName=NetR6_1 Pin=R6-1
Added Pin To Net: NetName=NetD2_3 Pin=R6-2
Added Pin To Net: NetName=NetR7_1 Pin=R7-1
Added Pin To Net: NetName=NetD2_4 Pin=R7-2
Added Pin To Net: NetName=NetR8_1 Pin=R8-1
Added Pin To Net: NetName=NetR8_2 Pin=R8-2
Added Pin To Net: NetName=NetR9_1 Pin=R9-1
Added Pin To Net: NetName=NetD2_2 Pin=R9-2
Added Pin To Net: NetName=GND Pin=R10-1
Added Pin To Net: NetName=NetP1_1 Pin=R10-2
Added Pin To Net: NetName=NetR11_1 Pin=R11-1
Added Pin To Net: NetName=NetC17_2 Pin=R11-2
Added Pin To Net: NetName=NetC17_2 Pin=R12-1
Added Pin To Net: NetName=NetP1_1 Pin=R12-2
Added Pin To Net: NetName=NetR13_1 Pin=R13-1
Added Pin To Net: NetName=NetC17_2 Pin=R13-2
Added Pin To Net: NetName=P1_RX_N Pin=R14-1
Added Pin To Net: NetName=+3.3v_E Pin=R14-2
Added Pin To Net: NetName=P1_RX_P Pin=R15-1
Added Pin To Net: NetName=+3.3v_E Pin=R15-2
Added Pin To Net: NetName=P1_TX_N Pin=R16-1
Added Pin To Net: NetName=+3.3v_E Pin=R16-2
Added Pin To Net: NetName=P1_TX_P Pin=R17-1
Added Pin To Net: NetName=+3.3v_E Pin=R17-2
Added Pin To Net: NetName=RMII_RXD0 Pin=R18-1
Added Pin To Net: NetName=NetIC2_8 Pin=R18-2
Added Pin To Net: NetName=RMII_RXD1 Pin=R19-1
Added Pin To Net: NetName=NetIC2_7 Pin=R19-2
Added Pin To Net: NetName=GND Pin=R20-1
Added Pin To Net: NetName=NetIC2_10 Pin=R20-2
Added Pin To Net: NetName=RMII_CRS_DV Pin=R21-1
Added Pin To Net: NetName=NetIC2_11 Pin=R21-2
Added Pin To Net: NetName=NetIC2_24 Pin=R22-1
Added Pin To Net: NetName=GND Pin=R22-2
Added Pin To Net: NetName=GND Pin=R23-1
Added Pin To Net: NetName=NetJ1_10 Pin=R23-2
Added Pin To Net: NetName=RMII_REF_CLK Pin=R24-1
Added Pin To Net: NetName=NetIC2_14 Pin=R24-2
Added Pin To Net: NetName=GND Pin=R25-1
Added Pin To Net: NetName=NetJ1_11 Pin=R25-2
Added Pin To Net: NetName=GND Pin=R26-1
Added Pin To Net: NetName=NetIC2_3 Pin=R26-2
Added Pin To Net: NetName=GND Pin=R27-1
Added Pin To Net: NetName=NetIC2_2 Pin=R27-2
Added Pin To Net: NetName=NetR8_2 Pin=U1-1
Added Pin To Net: NetName=NetU1_6 Pin=U1-6
Added Pin To Net: NetName=NetR6_1 Pin=U1-7
Added Pin To Net: NetName=NetR7_1 Pin=U1-8
Added Pin To Net: NetName=NetR9_1 Pin=U1-9
Added Pin To Net: NetName=GND Pin=U1-10
Added Pin To Net: NetName=+3.3v Pin=U1-11
Added Pin To Net: NetName=NetC8_2 Pin=U1-12
Added Pin To Net: NetName=NetC10_2 Pin=U1-13
Added Pin To Net: NetName=RESET Pin=U1-14
Added Pin To Net: NetName=RMII_MDC Pin=U1-16
Added Pin To Net: NetName=+3.3v Pin=U1-19
Added Pin To Net: NetName=GND Pin=U1-20
Added Pin To Net: NetName=+3.3v Pin=U1-21
Added Pin To Net: NetName=+3.3v Pin=U1-22
Added Pin To Net: NetName=Eth_NRST Pin=U1-23
Added Pin To Net: NetName=RMII_REF_CLK Pin=U1-24
Added Pin To Net: NetName=RMII_MDIO Pin=U1-25
Added Pin To Net: NetName=NetR11_1 Pin=U1-26
Added Pin To Net: NetName=GND Pin=U1-27
Added Pin To Net: NetName=+3.3v Pin=U1-28
Added Pin To Net: NetName=NetR13_1 Pin=U1-29
Added Pin To Net: NetName=RMII_CRS_DV Pin=U1-32
Added Pin To Net: NetName=RMII_RXD0 Pin=U1-33
Added Pin To Net: NetName=RMII_RXD1 Pin=U1-34
Added Pin To Net: NetName=RMII_TX_EN Pin=U1-48
Added Pin To Net: NetName=NetC18_2 Pin=U1-49
Added Pin To Net: NetName=+3.3v Pin=U1-50
Added Pin To Net: NetName=RMII_TXD0 Pin=U1-51
Added Pin To Net: NetName=RMII_TXD1 Pin=U1-52
Added Pin To Net: NetName=NetU1_72 Pin=U1-72
Added Pin To Net: NetName=NetC7_1 Pin=U1-73
Added Pin To Net: NetName=GND Pin=U1-74
Added Pin To Net: NetName=+3.3v Pin=U1-75
Added Pin To Net: NetName=NetU1_76 Pin=U1-76
Added Pin To Net: NetName=NetIC1_1 Pin=U1-77
Added Pin To Net: NetName=NetIC1_6 Pin=U1-78
Added Pin To Net: NetName=NetIC1_2 Pin=U1-79
Added Pin To Net: NetName=NetIC1_5 Pin=U1-80
Added Pin To Net: NetName=NetIC1_3 Pin=U1-81
Added Pin To Net: NetName=NetIC1_7 Pin=U1-82
Added Pin To Net: NetName=NetR5_1 Pin=U1-94
Added Pin To Net: NetName=GND Pin=U1-99
Added Pin To Net: NetName=+3.3v Pin=U1-100
Added Pin To Net: NetName=NetC10_2 Pin=X2-1
Added Pin To Net: NetName=GND Pin=X2-2
Added Pin To Net: NetName=NetC8_2 Pin=X2-3
Added Pin To Net: NetName=GND Pin=X2-4
Added Pin To Net: NetName=NetC29_2 Pin=X3-1
Added Pin To Net: NetName=GND Pin=X3-2
Added Pin To Net: NetName=NetC28_2 Pin=X3-3
Added Pin To Net: NetName=GND Pin=X3-4
Added Pin To Net: NetName=+3.3v Pin=XP1-1
Added Pin To Net: NetName=NetU1_6 Pin=XP1-2
Added Pin To Net: NetName=GND Pin=XP1-3
Added Pin To Net: NetName=+3.3v Pin=XP2-1
Added Pin To Net: NetName=NetR8_1 Pin=XP2-2
Added Pin To Net: NetName=GND Pin=XP2-3
Added Member To Class: ClassName=GP2Y_v3_eth Member=Component 1 ADP122AUJZ-3.3-R7
Added Member To Class: ClassName=GP2Y_v3_eth Member=Component 2 ADP122AUJZ-3.3-R7
Added Member To Class: ClassName=GP2Y_v3_eth Member=Component C4 0.1uF
Added Member To Class: ClassName=GP2Y_v3_eth Member=Component C5 0.1uF
Added Member To Class: ClassName=GP2Y_v3_eth Member=Component C6 0.1uF
Added Member To Class: ClassName=GP2Y_v3_eth Member=Component C7 2.2uF
Added Member To Class: ClassName=GP2Y_v3_eth Member=Component C8 0603 18 п‘
Added Member To Class: ClassName=GP2Y_v3_eth Member=Component C9 0.1uF
Added Member To Class: ClassName=GP2Y_v3_eth Member=Component C10 0603 18 п‘
Added Member To Class: ClassName=GP2Y_v3_eth Member=Component C11 0.1uF
Added Member To Class: ClassName=GP2Y_v3_eth Member=Component C12 0.001uF
Added Member To Class: ClassName=GP2Y_v3_eth Member=Component C13 0.1uF
Added Member To Class: ClassName=GP2Y_v3_eth Member=Component C14 0.1uF
Added Member To Class: ClassName=GP2Y_v3_eth Member=Component C15 0.1uF
Added Member To Class: ClassName=GP2Y_v3_eth Member=Component C16 0.1uF
Added Member To Class: ClassName=GP2Y_v3_eth Member=Component C17 0.1uF
Added Member To Class: ClassName=GP2Y_v3_eth Member=Component C18 2.2uF
Added Member To Class: ClassName=GP2Y_v3_eth Member=Component C19 Cap T
Added Member To Class: ClassName=GP2Y_v3_eth Member=Component C20 0603 0.1uF
Added Member To Class: ClassName=GP2Y_v3_eth Member=Component C21 0603 0.1uF
Added Member To Class: ClassName=GP2Y_v3_eth Member=Component C22 0.1uF
Added Member To Class: ClassName=GP2Y_v3_eth Member=Component C23 0.1uF
Added Member To Class: ClassName=GP2Y_v3_eth Member=Component C24 0.1uF
Added Member To Class: ClassName=GP2Y_v3_eth Member=Component C25 0.1uF
Added Member To Class: ClassName=GP2Y_v3_eth Member=Component C26 1uF
Added Member To Class: ClassName=GP2Y_v3_eth Member=Component C27 TECAP B 10u 16V
Added Member To Class: ClassName=GP2Y_v3_eth Member=Component C28 0603 18 п‘
Added Member To Class: ClassName=GP2Y_v3_eth Member=Component C29 0603 18 п‘
Added Member To Class: ClassName=GP2Y_v3_eth Member=Component D2 150141M173100
Added Member To Class: ClassName=GP2Y_v3_eth Member=Component IC1 GD25Q16CTIGR
Added Member To Class: ClassName=GP2Y_v3_eth Member=Component IC2 LAN8742A-CZ-TR
Added Member To Class: ClassName=GP2Y_v3_eth Member=Component R2 NC 0
Added Member To Class: ClassName=GP2Y_v3_eth Member=Component R5 510
Added Member To Class: ClassName=GP2Y_v3_eth Member=Component R6 0603 1.5K  
Added Member To Class: ClassName=GP2Y_v3_eth Member=Component R7 0603 1.5K
Added Member To Class: ClassName=GP2Y_v3_eth Member=Component R8 510
Added Member To Class: ClassName=GP2Y_v3_eth Member=Component R9 0603 1.5K
Added Member To Class: ClassName=GP2Y_v3_eth Member=Component R10 0603 10K
Added Member To Class: ClassName=GP2Y_v3_eth Member=Component R11 0603 0
Added Member To Class: ClassName=GP2Y_v3_eth Member=Component R12 0603 10K
Added Member To Class: ClassName=GP2Y_v3_eth Member=Component R13 0603 0
Added Member To Class: ClassName=GP2Y_v3_eth Member=Component R14 0603 50R
Added Member To Class: ClassName=GP2Y_v3_eth Member=Component R15 0603 50R
Added Member To Class: ClassName=GP2Y_v3_eth Member=Component R16 0603 50R
Added Member To Class: ClassName=GP2Y_v3_eth Member=Component R17 0603 50R
Added Member To Class: ClassName=GP2Y_v3_eth Member=Component R18 0603 33R
Added Member To Class: ClassName=GP2Y_v3_eth Member=Component R19 0603 33R
Added Member To Class: ClassName=GP2Y_v3_eth Member=Component R20 0603 10K
Added Member To Class: ClassName=GP2Y_v3_eth Member=Component R21 0603 33R
Added Member To Class: ClassName=GP2Y_v3_eth Member=Component R22 0603 12.1k
Added Member To Class: ClassName=GP2Y_v3_eth Member=Component R23 0603 220 ќм
Added Member To Class: ClassName=GP2Y_v3_eth Member=Component R24 0603 33R
Added Member To Class: ClassName=GP2Y_v3_eth Member=Component R25 0603 220 ќм
Added Member To Class: ClassName=GP2Y_v3_eth Member=Component R26 0603 1.5K
Added Member To Class: ClassName=GP2Y_v3_eth Member=Component R27 0603 1.5K
Added Member To Class: ClassName=GP2Y_v3_eth Member=Component U1 STM32F303V
Added Member To Class: ClassName=GP2Y_v3_eth Member=Component X2 12Mhz
Added Member To Class: ClassName=GP2Y_v3_eth Member=Component X3 25Mhz
Added Member To Class: ClassName=GP2Y_v3_eth Member=Component XP1 Battery
Added Member To Class: ClassName=GP2Y_v3_eth Member=Component XP2 reset setings
