Added Component: Designator=U1(QFP50P900X900X160-48N)
Add component (AddParameter): Name = "Availability"; Value = "In Stock"; VariantName = "[No Variations]"
Add component (AddParameter): Name = "Check_prices"; Value = "https://www.snapeda.com/parts/W5500/WIZnet/view-part/?ref=eda"; VariantName = "[No Variations]"
Add component (AddParameter): Name = "MF"; Value = "WIZnet"; VariantName = "[No Variations]"
Add component (AddParameter): Name = "MP"; Value = "W5500"; VariantName = "[No Variations]"
Add component (AddParameter): Name = "Package"; Value = "None"; VariantName = "[No Variations]"
Add component (AddParameter): Name = "Price"; Value = "None"; VariantName = "[No Variations]"
Add component (AddParameter): Name = "Purchase-URL"; Value = "https://pricing.snapeda.com/search/part/W5500/?ref=eda"; VariantName = "[No Variations]"
Add component (AddParameter): Name = "SnapEDA_Link"; Value = "https://www.snapeda.com/parts/W5500/WIZnet/view-part/?ref=snap"; VariantName = "[No Variations]"
Add component (AddParameter): Name = "Value"; Value = ""; VariantName = "[No Variations]"
Added Pin To Net: NetName=P2_TX_N Pin=U1-1
Added Pin To Net: NetName=P2_TX_P Pin=U1-2
Added Pin To Net: NetName=AGND Pin=U1-3
Added Pin To Net: NetName=NetC4_1 Pin=U1-4
Added Pin To Net: NetName=P2_RX_N Pin=U1-5
Added Pin To Net: NetName=P2_RX_P Pin=U1-6
Added Pin To Net: NetName=NetC4_1 Pin=U1-8
Added Pin To Net: NetName=AGND Pin=U1-9
Added Pin To Net: NetName=NetR14_2 Pin=U1-10
Added Pin To Net: NetName=NetC4_1 Pin=U1-11
Added Pin To Net: NetName=AGND Pin=U1-14
Added Pin To Net: NetName=NetC4_1 Pin=U1-15
Added Pin To Net: NetName=AGND Pin=U1-16
Added Pin To Net: NetName=NetC4_1 Pin=U1-17
Added Pin To Net: NetName=AGND Pin=U1-19
Added Pin To Net: NetName=NetC22_1 Pin=U1-20
Added Pin To Net: NetName=NetC4_1 Pin=U1-21
Added Pin To Net: NetName=NetC25_2 Pin=U1-22
Added Pin To Net: NetName=+3.3v Pin=U1-23
Added Pin To Net: NetName=NetR21_1 Pin=U1-25
Added Pin To Net: NetName=NetR20_1 Pin=U1-27
Added Pin To Net: NetName=+3.3v Pin=U1-28
Added Pin To Net: NetName=AGND Pin=U1-29
Added Pin To Net: NetName=NetC17_2 Pin=U1-30
Added Pin To Net: NetName=NetC3_2 Pin=U1-31
Added Pin To Net: NetName=SPI_CS Pin=U1-32
Added Pin To Net: NetName=SPI_CLK Pin=U1-33
Added Pin To Net: NetName=SPI_MISO Pin=U1-34
Added Pin To Net: NetName=SPI_MOSI Pin=U1-35
Added Pin To Net: NetName=ETH_INT Pin=U1-36
Added Pin To Net: NetName=ETH_RST Pin=U1-37
Added Pin To Net: NetName=+3.3v Pin=U1-38
Added Pin To Net: NetName=+3.3v Pin=U1-39
Added Pin To Net: NetName=+3.3v Pin=U1-40
Added Pin To Net: NetName=+3.3v Pin=U1-41
Added Pin To Net: NetName=+3.3v Pin=U1-42
Added Pin To Net: NetName=+3.3v Pin=U1-43
Added Pin To Net: NetName=+3.3v Pin=U1-44
Added Pin To Net: NetName=+3.3v Pin=U1-45
Added Pin To Net: NetName=AGND Pin=U1-48
Added Member To Class: ClassName=GP2Y_v3_eth Member=Component U1 W5500
