Change Value of Parameter Value in Part R14 Old=50R New=0603 50R
Change Value of Parameter Value in Part R15 Old=50R New=0603 50R
Change Value of Parameter Value in Part R16 Old=50R New=0603 50R
Change Value of Parameter Value in Part R17 Old=50R New=0603 50R
Change Value of Parameter Value in Part R18 Old=33R New=0603 33R
Change Value of Parameter Value in Part R19 Old=33R New=0603 33R
Change Value of Parameter Value in Part R21 Old=33R New=0603 33R
Change Value of Parameter Value in Part R24 Old=33R New=0603 33R
Added Parameter Value=LM2596S-ADJ to Part DD1
Added Parameter Value= to Part DG1
Added Parameter Value= to Part H1
Added Parameter Value= to Part H2
Added Parameter Value= to Part H3
Added Parameter Value= to Part H4
Added Parameter Value= to Part IC1
Added Parameter Value= to Part IC2
Added Parameter Value= to Part P1
Added Parameter Value= to Part X1
Added Parameter Value= to Part X2
Added Parameter Value= to Part X3
